{"/Users/dteeger1/Desktop/CS3/SD/Final/Appointment-booking-system/src/App.js": {"path":"/Users/dteeger1/Desktop/CS3/SD/Final/Appointment-booking-system/src/App.js","statementMap":{"0":{"start":{"line":14,"column":2},"end":{"line":31,"column":4}}},"fnMap":{"0":{"name":"App","decl":{"start":{"line":13,"column":9},"end":{"line":13,"column":12}},"loc":{"start":{"line":13,"column":15},"end":{"line":32,"column":1}},"line":13}},"branchMap":{},"s":{"0":0},"f":{"0":0},"b":{}}
,"/Users/dteeger1/Desktop/CS3/SD/Final/Appointment-booking-system/src/firebase.js": {"path":"/Users/dteeger1/Desktop/CS3/SD/Final/Appointment-booking-system/src/firebase.js","statementMap":{"0":{"start":{"line":11,"column":23},"end":{"line":19,"column":1}},"1":{"start":{"line":21,"column":12},"end":{"line":21,"column":41}},"2":{"start":{"line":22,"column":18},"end":{"line":22,"column":35}},"3":{"start":{"line":23,"column":13},"end":{"line":23,"column":25}},"4":{"start":{"line":24,"column":18},"end":{"line":24,"column":35}}},"fnMap":{},"branchMap":{},"s":{"0":1,"1":1,"2":1,"3":1,"4":1},"f":{},"b":{},"_coverageSchema":"1a1c01bbd47fc00a2c39e90264f33305004495a9","hash":"90e8367bf198d30e16676acf5a18315ad4d0679f"}
,"/Users/dteeger1/Desktop/CS3/SD/Final/Appointment-booking-system/src/index.js": {"path":"/Users/dteeger1/Desktop/CS3/SD/Final/Appointment-booking-system/src/index.js","statementMap":{"0":{"start":{"line":7,"column":13},"end":{"line":7,"column":65}},"1":{"start":{"line":8,"column":0},"end":{"line":12,"column":2}}},"fnMap":{},"branchMap":{},"s":{"0":0,"1":0},"f":{},"b":{}}
,"/Users/dteeger1/Desktop/CS3/SD/Final/Appointment-booking-system/src/components/AvailableTimeSlots.js": {"path":"/Users/dteeger1/Desktop/CS3/SD/Final/Appointment-booking-system/src/components/AvailableTimeSlots.js","statementMap":{"0":{"start":{"line":9,"column":27},"end":{"line":100,"column":1}},"1":{"start":{"line":23,"column":32},"end":{"line":23,"column":46}},"2":{"start":{"line":25,"column":2},"end":{"line":52,"column":88}},"3":{"start":{"line":26,"column":29},"end":{"line":49,"column":5}},"4":{"start":{"line":27,"column":6},"end":{"line":27,"column":23}},"5":{"start":{"line":28,"column":16},"end":{"line":32,"column":7}},"6":{"start":{"line":33,"column":28},"end":{"line":33,"column":44}},"7":{"start":{"line":35,"column":31},"end":{"line":35,"column":33}},"8":{"start":{"line":36,"column":6},"end":{"line":38,"column":9}},"9":{"start":{"line":37,"column":8},"end":{"line":37,"column":51}},"10":{"start":{"line":40,"column":6},"end":{"line":40,"column":39}},"11":{"start":{"line":43,"column":28},"end":{"line":45,"column":7}},"12":{"start":{"line":44,"column":18},"end":{"line":44,"column":73}},"13":{"start":{"line":46,"column":6},"end":{"line":46,"column":39}},"14":{"start":{"line":48,"column":6},"end":{"line":48,"column":24}},"15":{"start":{"line":51,"column":4},"end":{"line":51,"column":23}},"16":{"start":{"line":54,"column":29},"end":{"line":69,"column":3}},"17":{"start":{"line":55,"column":22},"end":{"line":55,"column":24}},"18":{"start":{"line":56,"column":18},"end":{"line":56,"column":43}},"19":{"start":{"line":57,"column":16},"end":{"line":57,"column":39}},"20":{"start":{"line":59,"column":4},"end":{"line":66,"column":5}},"21":{"start":{"line":60,"column":22},"end":{"line":60,"column":77}},"22":{"start":{"line":61,"column":6},"end":{"line":64,"column":9}},"23":{"start":{"line":65,"column":6},"end":{"line":65,"column":37}},"24":{"start":{"line":68,"column":4},"end":{"line":68,"column":21}},"25":{"start":{"line":73,"column":2},"end":{"line":80,"column":3}},"26":{"start":{"line":74,"column":4},"end":{"line":79,"column":7}},"27":{"start":{"line":82,"column":2},"end":{"line":99,"column":4}},"28":{"start":{"line":85,"column":8},"end":{"line":96,"column":14}}},"fnMap":{"0":{"name":"(anonymous_0)","decl":{"start":{"line":9,"column":27},"end":{"line":9,"column":28}},"loc":{"start":{"line":22,"column":6},"end":{"line":100,"column":1}},"line":22},"1":{"name":"(anonymous_1)","decl":{"start":{"line":25,"column":12},"end":{"line":25,"column":13}},"loc":{"start":{"line":25,"column":18},"end":{"line":52,"column":3}},"line":25},"2":{"name":"(anonymous_2)","decl":{"start":{"line":26,"column":29},"end":{"line":26,"column":30}},"loc":{"start":{"line":26,"column":41},"end":{"line":49,"column":5}},"line":26},"3":{"name":"(anonymous_3)","decl":{"start":{"line":36,"column":28},"end":{"line":36,"column":29}},"loc":{"start":{"line":36,"column":37},"end":{"line":38,"column":7}},"line":36},"4":{"name":"(anonymous_4)","decl":{"start":{"line":44,"column":8},"end":{"line":44,"column":9}},"loc":{"start":{"line":44,"column":18},"end":{"line":44,"column":73}},"line":44},"5":{"name":"(anonymous_5)","decl":{"start":{"line":54,"column":29},"end":{"line":54,"column":30}},"loc":{"start":{"line":54,"column":63},"end":{"line":69,"column":3}},"line":54},"6":{"name":"(anonymous_6)","decl":{"start":{"line":84,"column":26},"end":{"line":84,"column":27}},"loc":{"start":{"line":85,"column":8},"end":{"line":96,"column":14}},"line":85}},"branchMap":{"0":{"loc":{"start":{"line":73,"column":2},"end":{"line":80,"column":3}},"type":"if","locations":[{"start":{"line":73,"column":2},"end":{"line":80,"column":3}},{"start":{},"end":{}}],"line":73}},"s":{"0":1,"1":0,"2":0,"3":0,"4":0,"5":0,"6":0,"7":0,"8":0,"9":0,"10":0,"11":0,"12":0,"13":0,"14":0,"15":0,"16":0,"17":0,"18":0,"19":0,"20":0,"21":0,"22":0,"23":0,"24":0,"25":0,"26":0,"27":0,"28":0},"f":{"0":0,"1":0,"2":0,"3":0,"4":0,"5":0,"6":0},"b":{"0":[0,0]},"_coverageSchema":"1a1c01bbd47fc00a2c39e90264f33305004495a9","hash":"269cfe53d573135592098fb178c3b1f1de4b1551"}
,"/Users/dteeger1/Desktop/CS3/SD/Final/Appointment-booking-system/src/components/CancelMeetingModal.js": {"path":"/Users/dteeger1/Desktop/CS3/SD/Final/Appointment-booking-system/src/components/CancelMeetingModal.js","statementMap":{"0":{"start":{"line":5,"column":27},"end":{"line":35,"column":3}},"1":{"start":{"line":6,"column":4},"end":{"line":34,"column":6}}},"fnMap":{"0":{"name":"(anonymous_0)","decl":{"start":{"line":5,"column":27},"end":{"line":5,"column":28}},"loc":{"start":{"line":5,"column":58},"end":{"line":35,"column":3}},"line":5}},"branchMap":{},"s":{"0":0,"1":0},"f":{"0":0},"b":{}}
,"/Users/dteeger1/Desktop/CS3/SD/Final/Appointment-booking-system/src/components/ConfirmBookingView.js": {"path":"/Users/dteeger1/Desktop/CS3/SD/Final/Appointment-booking-system/src/components/ConfirmBookingView.js","statementMap":{"0":{"start":{"line":18,"column":22},"end":{"line":18,"column":33}},"1":{"start":{"line":19,"column":22},"end":{"line":19,"column":48}},"2":{"start":{"line":20,"column":34},"end":{"line":20,"column":62}},"3":{"start":{"line":21,"column":44},"end":{"line":21,"column":56}},"4":{"start":{"line":22,"column":41},"end":{"line":22,"column":55}},"5":{"start":{"line":23,"column":26},"end":{"line":23,"column":35}},"6":{"start":{"line":24,"column":40},"end":{"line":24,"column":55}},"7":{"start":{"line":25,"column":40},"end":{"line":25,"column":52}},"8":{"start":{"line":26,"column":46},"end":{"line":26,"column":58}},"9":{"start":{"line":29,"column":26},"end":{"line":31,"column":3}},"10":{"start":{"line":30,"column":4},"end":{"line":30,"column":25}},"11":{"start":{"line":32,"column":21},"end":{"line":32,"column":99}},"12":{"start":{"line":33,"column":25},"end":{"line":35,"column":4}},"13":{"start":{"line":34,"column":4},"end":{"line":34,"column":52}},"14":{"start":{"line":39,"column":31},"end":{"line":54,"column":5}},"15":{"start":{"line":40,"column":24},"end":{"line":40,"column":26}},"16":{"start":{"line":41,"column":20},"end":{"line":41,"column":45}},"17":{"start":{"line":42,"column":18},"end":{"line":42,"column":41}},"18":{"start":{"line":44,"column":6},"end":{"line":51,"column":7}},"19":{"start":{"line":45,"column":24},"end":{"line":45,"column":79}},"20":{"start":{"line":46,"column":8},"end":{"line":49,"column":11}},"21":{"start":{"line":50,"column":8},"end":{"line":50,"column":39}},"22":{"start":{"line":53,"column":6},"end":{"line":53,"column":23}},"23":{"start":{"line":59,"column":2},"end":{"line":66,"column":3}},"24":{"start":{"line":60,"column":4},"end":{"line":65,"column":7}},"25":{"start":{"line":67,"column":2},"end":{"line":69,"column":3}},"26":{"start":{"line":68,"column":4},"end":{"line":68,"column":51}},"27":{"start":{"line":72,"column":27},"end":{"line":79,"column":3}},"28":{"start":{"line":73,"column":30},"end":{"line":73,"column":38}},"29":{"start":{"line":74,"column":4},"end":{"line":78,"column":5}},"30":{"start":{"line":75,"column":6},"end":{"line":75,"column":50}},"31":{"start":{"line":75,"column":33},"end":{"line":75,"column":48}},"32":{"start":{"line":77,"column":6},"end":{"line":77,"column":71}},"33":{"start":{"line":77,"column":33},"end":{"line":77,"column":69}},"34":{"start":{"line":77,"column":55},"end":{"line":77,"column":68}},"35":{"start":{"line":81,"column":31},"end":{"line":113,"column":3}},"36":{"start":{"line":82,"column":23},"end":{"line":82,"column":61}},"37":{"start":{"line":83,"column":22},"end":{"line":83,"column":59}},"38":{"start":{"line":86,"column":4},"end":{"line":89,"column":5}},"39":{"start":{"line":87,"column":6},"end":{"line":87,"column":40}},"40":{"start":{"line":88,"column":6},"end":{"line":88,"column":13}},"41":{"start":{"line":90,"column":4},"end":{"line":93,"column":5}},"42":{"start":{"line":91,"column":6},"end":{"line":91,"column":39}},"43":{"start":{"line":92,"column":6},"end":{"line":92,"column":13}},"44":{"start":{"line":95,"column":4},"end":{"line":110,"column":5}},"45":{"start":{"line":96,"column":6},"end":{"line":96,"column":48}},"46":{"start":{"line":99,"column":29},"end":{"line":100,"column":77}},"47":{"start":{"line":100,"column":26},"end":{"line":100,"column":76}},"48":{"start":{"line":103,"column":26},"end":{"line":103,"column":152}},"49":{"start":{"line":103,"column":57},"end":{"line":103,"column":151}},"50":{"start":{"line":103,"column":96},"end":{"line":103,"column":150}},"51":{"start":{"line":105,"column":6},"end":{"line":107,"column":9}},"52":{"start":{"line":106,"column":8},"end":{"line":106,"column":80}},"53":{"start":{"line":108,"column":6},"end":{"line":108,"column":27}},"54":{"start":{"line":109,"column":6},"end":{"line":109,"column":27}},"55":{"start":{"line":117,"column":22},"end":{"line":149,"column":3}},"56":{"start":{"line":118,"column":4},"end":{"line":148,"column":5}},"57":{"start":{"line":119,"column":6},"end":{"line":127,"column":9}},"58":{"start":{"line":130,"column":6},"end":{"line":144,"column":8}},"59":{"start":{"line":147,"column":6},"end":{"line":147,"column":53}},"60":{"start":{"line":153,"column":2},"end":{"line":236,"column":4}},"61":{"start":{"line":224,"column":4},"end":{"line":224,"column":26}},"62":{"start":{"line":225,"column":4},"end":{"line":225,"column":25}}},"fnMap":{"0":{"name":"ConfirmBookingView","decl":{"start":{"line":17,"column":24},"end":{"line":17,"column":42}},"loc":{"start":{"line":17,"column":45},"end":{"line":239,"column":1}},"line":17},"1":{"name":"(anonymous_1)","decl":{"start":{"line":29,"column":26},"end":{"line":29,"column":27}},"loc":{"start":{"line":29,"column":36},"end":{"line":31,"column":3}},"line":29},"2":{"name":"(anonymous_2)","decl":{"start":{"line":33,"column":65},"end":{"line":33,"column":66}},"loc":{"start":{"line":33,"column":74},"end":{"line":35,"column":3}},"line":33},"3":{"name":"(anonymous_3)","decl":{"start":{"line":39,"column":31},"end":{"line":39,"column":32}},"loc":{"start":{"line":39,"column":65},"end":{"line":54,"column":5}},"line":39},"4":{"name":"(anonymous_4)","decl":{"start":{"line":72,"column":27},"end":{"line":72,"column":28}},"loc":{"start":{"line":72,"column":34},"end":{"line":79,"column":3}},"line":72},"5":{"name":"(anonymous_5)","decl":{"start":{"line":75,"column":23},"end":{"line":75,"column":24}},"loc":{"start":{"line":75,"column":33},"end":{"line":75,"column":48}},"line":75},"6":{"name":"(anonymous_6)","decl":{"start":{"line":77,"column":23},"end":{"line":77,"column":24}},"loc":{"start":{"line":77,"column":33},"end":{"line":77,"column":69}},"line":77},"7":{"name":"(anonymous_7)","decl":{"start":{"line":77,"column":45},"end":{"line":77,"column":46}},"loc":{"start":{"line":77,"column":55},"end":{"line":77,"column":68}},"line":77},"8":{"name":"(anonymous_8)","decl":{"start":{"line":81,"column":31},"end":{"line":81,"column":32}},"loc":{"start":{"line":81,"column":37},"end":{"line":113,"column":3}},"line":81},"9":{"name":"(anonymous_9)","decl":{"start":{"line":100,"column":16},"end":{"line":100,"column":17}},"loc":{"start":{"line":100,"column":26},"end":{"line":100,"column":76}},"line":100},"10":{"name":"(anonymous_10)","decl":{"start":{"line":103,"column":47},"end":{"line":103,"column":48}},"loc":{"start":{"line":103,"column":57},"end":{"line":103,"column":151}},"line":103},"11":{"name":"(anonymous_11)","decl":{"start":{"line":103,"column":77},"end":{"line":103,"column":78}},"loc":{"start":{"line":103,"column":96},"end":{"line":103,"column":150}},"line":103},"12":{"name":"(anonymous_12)","decl":{"start":{"line":105,"column":26},"end":{"line":105,"column":27}},"loc":{"start":{"line":105,"column":36},"end":{"line":107,"column":7}},"line":105},"13":{"name":"(anonymous_13)","decl":{"start":{"line":117,"column":22},"end":{"line":117,"column":23}},"loc":{"start":{"line":117,"column":67},"end":{"line":149,"column":3}},"line":117},"14":{"name":"(anonymous_14)","decl":{"start":{"line":223,"column":11},"end":{"line":223,"column":12}},"loc":{"start":{"line":223,"column":17},"end":{"line":226,"column":3}},"line":223}},"branchMap":{"0":{"loc":{"start":{"line":33,"column":25},"end":{"line":35,"column":4}},"type":"binary-expr","locations":[{"start":{"line":33,"column":25},"end":{"line":33,"column":37}},{"start":{"line":33,"column":41},"end":{"line":35,"column":4}}],"line":33},"1":{"loc":{"start":{"line":59,"column":2},"end":{"line":66,"column":3}},"type":"if","locations":[{"start":{"line":59,"column":2},"end":{"line":66,"column":3}},{"start":{},"end":{}}],"line":59},"2":{"loc":{"start":{"line":67,"column":2},"end":{"line":69,"column":3}},"type":"if","locations":[{"start":{"line":67,"column":2},"end":{"line":69,"column":3}},{"start":{},"end":{}}],"line":67},"3":{"loc":{"start":{"line":74,"column":4},"end":{"line":78,"column":5}},"type":"if","locations":[{"start":{"line":74,"column":4},"end":{"line":78,"column":5}},{"start":{"line":76,"column":11},"end":{"line":78,"column":5}}],"line":74},"4":{"loc":{"start":{"line":86,"column":4},"end":{"line":89,"column":5}},"type":"if","locations":[{"start":{"line":86,"column":4},"end":{"line":89,"column":5}},{"start":{},"end":{}}],"line":86},"5":{"loc":{"start":{"line":90,"column":4},"end":{"line":93,"column":5}},"type":"if","locations":[{"start":{"line":90,"column":4},"end":{"line":93,"column":5}},{"start":{},"end":{}}],"line":90},"6":{"loc":{"start":{"line":95,"column":4},"end":{"line":110,"column":5}},"type":"if","locations":[{"start":{"line":95,"column":4},"end":{"line":110,"column":5}},{"start":{"line":97,"column":11},"end":{"line":110,"column":5}}],"line":95},"7":{"loc":{"start":{"line":99,"column":29},"end":{"line":100,"column":77}},"type":"binary-expr","locations":[{"start":{"line":99,"column":29},"end":{"line":99,"column":43}},{"start":{"line":99,"column":47},"end":{"line":100,"column":77}}],"line":99},"8":{"loc":{"start":{"line":140,"column":20},"end":{"line":140,"column":64}},"type":"binary-expr","locations":[{"start":{"line":140,"column":20},"end":{"line":140,"column":43}},{"start":{"line":140,"column":47},"end":{"line":140,"column":64}}],"line":140},"9":{"loc":{"start":{"line":180,"column":3},"end":{"line":198,"column":3}},"type":"cond-expr","locations":[{"start":{"line":181,"column":4},"end":{"line":194,"column":4}},{"start":{"line":197,"column":4},"end":{"line":197,"column":74}}],"line":180},"10":{"loc":{"start":{"line":180,"column":3},"end":{"line":180,"column":33}},"type":"binary-expr","locations":[{"start":{"line":180,"column":3},"end":{"line":180,"column":15}},{"start":{"line":180,"column":19},"end":{"line":180,"column":33}}],"line":180},"11":{"loc":{"start":{"line":197,"column":4},"end":{"line":197,"column":74}},"type":"binary-expr","locations":[{"start":{"line":197,"column":4},"end":{"line":197,"column":16}},{"start":{"line":197,"column":20},"end":{"line":197,"column":74}}],"line":197},"12":{"loc":{"start":{"line":201,"column":1},"end":{"line":218,"column":1}},"type":"binary-expr","locations":[{"start":{"line":201,"column":1},"end":{"line":201,"column":13}},{"start":{"line":201,"column":17},"end":{"line":201,"column":31}},{"start":{"line":202,"column":2},"end":{"line":217,"column":3}}],"line":201},"13":{"loc":{"start":{"line":202,"column":2},"end":{"line":217,"column":3}},"type":"cond-expr","locations":[{"start":{"line":203,"column":4},"end":{"line":214,"column":13}},{"start":{"line":216,"column":4},"end":{"line":216,"column":43}}],"line":202},"14":{"loc":{"start":{"line":232,"column":9},"end":{"line":233,"column":31}},"type":"binary-expr","locations":[{"start":{"line":232,"column":9},"end":{"line":232,"column":22}},{"start":{"line":233,"column":8},"end":{"line":233,"column":31}}],"line":232}},"s":{"0":3,"1":3,"2":3,"3":3,"4":3,"5":3,"6":3,"7":3,"8":3,"9":3,"10":0,"11":3,"12":3,"13":0,"14":3,"15":0,"16":0,"17":0,"18":0,"19":0,"20":0,"21":0,"22":0,"23":3,"24":0,"25":3,"26":0,"27":3,"28":0,"29":0,"30":0,"31":0,"32":0,"33":0,"34":0,"35":3,"36":0,"37":0,"38":0,"39":0,"40":0,"41":0,"42":0,"43":0,"44":0,"45":0,"46":0,"47":0,"48":0,"49":0,"50":0,"51":0,"52":0,"53":0,"54":0,"55":3,"56":0,"57":0,"58":0,"59":0,"60":3,"61":0,"62":0},"f":{"0":3,"1":0,"2":0,"3":0,"4":0,"5":0,"6":0,"7":0,"8":0,"9":0,"10":0,"11":0,"12":0,"13":0,"14":0},"b":{"0":[3,0],"1":[0,3],"2":[0,3],"3":[0,0],"4":[0,0],"5":[0,0],"6":[0,0],"7":[0,0],"8":[0,0],"9":[0,3],"10":[3,0],"11":[3,0],"12":[3,0,0],"13":[0,0],"14":[3,3]},"_coverageSchema":"1a1c01bbd47fc00a2c39e90264f33305004495a9","hash":"9aa9f3de72343d103e90c139c4704a62ebf51494"}
,"/Users/dteeger1/Desktop/CS3/SD/Final/Appointment-booking-system/src/components/CreateEventForm.js": {"path":"/Users/dteeger1/Desktop/CS3/SD/Final/Appointment-booking-system/src/components/CreateEventForm.js","statementMap":{"0":{"start":{"line":11,"column":21},"end":{"line":11,"column":77}},"1":{"start":{"line":12,"column":16},"end":{"line":12,"column":67}},"2":{"start":{"line":12,"column":53},"end":{"line":12,"column":66}},"3":{"start":{"line":13,"column":24},"end":{"line":13,"column":33}},"4":{"start":{"line":14,"column":30},"end":{"line":14,"column":53}},"5":{"start":{"line":15,"column":19},"end":{"line":15,"column":32}},"6":{"start":{"line":17,"column":54},"end":{"line":17,"column":68}},"7":{"start":{"line":30,"column":4},"end":{"line":30,"column":27}},"8":{"start":{"line":32,"column":24},"end":{"line":32,"column":26}},"9":{"start":{"line":33,"column":4},"end":{"line":42,"column":7}},"10":{"start":{"line":34,"column":23},"end":{"line":34,"column":65}},"11":{"start":{"line":35,"column":6},"end":{"line":40,"column":7}},"12":{"start":{"line":36,"column":26},"end":{"line":36,"column":90}},"13":{"start":{"line":37,"column":24},"end":{"line":37,"column":86}},"14":{"start":{"line":39,"column":8},"end":{"line":39,"column":52}},"15":{"start":{"line":45,"column":27},"end":{"line":45,"column":77}},"16":{"start":{"line":46,"column":25},"end":{"line":46,"column":73}},"17":{"start":{"line":47,"column":28},"end":{"line":47,"column":48}},"18":{"start":{"line":48,"column":26},"end":{"line":48,"column":44}},"19":{"start":{"line":51,"column":4},"end":{"line":54,"column":5}},"20":{"start":{"line":52,"column":6},"end":{"line":52,"column":55}},"21":{"start":{"line":53,"column":6},"end":{"line":53,"column":13}},"22":{"start":{"line":56,"column":22},"end":{"line":56,"column":47}},"23":{"start":{"line":57,"column":20},"end":{"line":57,"column":43}},"24":{"start":{"line":59,"column":4},"end":{"line":62,"column":5}},"25":{"start":{"line":60,"column":6},"end":{"line":60,"column":72}},"26":{"start":{"line":61,"column":6},"end":{"line":61,"column":13}},"27":{"start":{"line":65,"column":21},"end":{"line":73,"column":5}},"28":{"start":{"line":76,"column":31},"end":{"line":76,"column":64}},"29":{"start":{"line":77,"column":6},"end":{"line":77,"column":34}},"30":{"start":{"line":82,"column":4},"end":{"line":105,"column":5}},"31":{"start":{"line":83,"column":6},"end":{"line":83,"column":42}},"32":{"start":{"line":84,"column":11},"end":{"line":105,"column":5}},"33":{"start":{"line":85,"column":6},"end":{"line":85,"column":48}},"34":{"start":{"line":86,"column":11},"end":{"line":105,"column":5}},"35":{"start":{"line":87,"column":6},"end":{"line":87,"column":47}},"36":{"start":{"line":88,"column":11},"end":{"line":105,"column":5}},"37":{"start":{"line":89,"column":6},"end":{"line":89,"column":41}},"38":{"start":{"line":90,"column":11},"end":{"line":105,"column":5}},"39":{"start":{"line":90,"column":50},"end":{"line":90,"column":108}},"40":{"start":{"line":92,"column":6},"end":{"line":92,"column":61}},"41":{"start":{"line":95,"column":6},"end":{"line":101,"column":11}},"42":{"start":{"line":97,"column":10},"end":{"line":97,"column":31}},"43":{"start":{"line":100,"column":10},"end":{"line":100,"column":36}},"44":{"start":{"line":104,"column":6},"end":{"line":104,"column":19}},"45":{"start":{"line":111,"column":2},"end":{"line":162,"column":4}},"46":{"start":{"line":137,"column":10},"end":{"line":155,"column":16}},"47":{"start":{"line":142,"column":16},"end":{"line":144,"column":25}},"48":{"start":{"line":150,"column":16},"end":{"line":152,"column":25}},"49":{"start":{"line":158,"column":79},"end":{"line":158,"column":92}}},"fnMap":{"0":{"name":"CreateEventForm","decl":{"start":{"line":10,"column":24},"end":{"line":10,"column":39}},"loc":{"start":{"line":10,"column":42},"end":{"line":163,"column":1}},"line":10},"1":{"name":"(anonymous_1)","decl":{"start":{"line":12,"column":43},"end":{"line":12,"column":44}},"loc":{"start":{"line":12,"column":53},"end":{"line":12,"column":66}},"line":12},"2":{"name":"handleSubmit","decl":{"start":{"line":29,"column":11},"end":{"line":29,"column":23}},"loc":{"start":{"line":29,"column":31},"end":{"line":107,"column":1}},"line":29},"3":{"name":"(anonymous_3)","decl":{"start":{"line":33,"column":23},"end":{"line":33,"column":24}},"loc":{"start":{"line":33,"column":32},"end":{"line":42,"column":5}},"line":33},"4":{"name":"timeToMinutes","decl":{"start":{"line":75,"column":13},"end":{"line":75,"column":26}},"loc":{"start":{"line":75,"column":39},"end":{"line":78,"column":5}},"line":75},"5":{"name":"(anonymous_5)","decl":{"start":{"line":90,"column":41},"end":{"line":90,"column":42}},"loc":{"start":{"line":90,"column":50},"end":{"line":90,"column":108}},"line":90},"6":{"name":"(anonymous_6)","decl":{"start":{"line":96,"column":14},"end":{"line":96,"column":15}},"loc":{"start":{"line":96,"column":26},"end":{"line":98,"column":9}},"line":96},"7":{"name":"(anonymous_7)","decl":{"start":{"line":99,"column":15},"end":{"line":99,"column":16}},"loc":{"start":{"line":99,"column":24},"end":{"line":101,"column":9}},"line":99},"8":{"name":"(anonymous_8)","decl":{"start":{"line":136,"column":24},"end":{"line":136,"column":25}},"loc":{"start":{"line":137,"column":10},"end":{"line":155,"column":16}},"line":137},"9":{"name":"(anonymous_9)","decl":{"start":{"line":141,"column":25},"end":{"line":141,"column":26}},"loc":{"start":{"line":142,"column":16},"end":{"line":144,"column":25}},"line":142},"10":{"name":"(anonymous_10)","decl":{"start":{"line":149,"column":25},"end":{"line":149,"column":26}},"loc":{"start":{"line":150,"column":16},"end":{"line":152,"column":25}},"line":150},"11":{"name":"(anonymous_11)","decl":{"start":{"line":158,"column":72},"end":{"line":158,"column":73}},"loc":{"start":{"line":158,"column":78},"end":{"line":158,"column":93}},"line":158}},"branchMap":{"0":{"loc":{"start":{"line":35,"column":6},"end":{"line":40,"column":7}},"type":"if","locations":[{"start":{"line":35,"column":6},"end":{"line":40,"column":7}},{"start":{},"end":{}}],"line":35},"1":{"loc":{"start":{"line":51,"column":4},"end":{"line":54,"column":5}},"type":"if","locations":[{"start":{"line":51,"column":4},"end":{"line":54,"column":5}},{"start":{},"end":{}}],"line":51},"2":{"loc":{"start":{"line":51,"column":8},"end":{"line":51,"column":42}},"type":"binary-expr","locations":[{"start":{"line":51,"column":8},"end":{"line":51,"column":24}},{"start":{"line":51,"column":28},"end":{"line":51,"column":42}}],"line":51},"3":{"loc":{"start":{"line":59,"column":4},"end":{"line":62,"column":5}},"type":"if","locations":[{"start":{"line":59,"column":4},"end":{"line":62,"column":5}},{"start":{},"end":{}}],"line":59},"4":{"loc":{"start":{"line":59,"column":8},"end":{"line":59,"column":62}},"type":"binary-expr","locations":[{"start":{"line":59,"column":8},"end":{"line":59,"column":34}},{"start":{"line":59,"column":38},"end":{"line":59,"column":62}}],"line":59},"5":{"loc":{"start":{"line":82,"column":4},"end":{"line":105,"column":5}},"type":"if","locations":[{"start":{"line":82,"column":4},"end":{"line":105,"column":5}},{"start":{"line":84,"column":11},"end":{"line":105,"column":5}}],"line":82},"6":{"loc":{"start":{"line":84,"column":11},"end":{"line":105,"column":5}},"type":"if","locations":[{"start":{"line":84,"column":11},"end":{"line":105,"column":5}},{"start":{"line":86,"column":11},"end":{"line":105,"column":5}}],"line":84},"7":{"loc":{"start":{"line":86,"column":11},"end":{"line":105,"column":5}},"type":"if","locations":[{"start":{"line":86,"column":11},"end":{"line":105,"column":5}},{"start":{"line":88,"column":11},"end":{"line":105,"column":5}}],"line":86},"8":{"loc":{"start":{"line":88,"column":11},"end":{"line":105,"column":5}},"type":"if","locations":[{"start":{"line":88,"column":11},"end":{"line":105,"column":5}},{"start":{"line":90,"column":11},"end":{"line":105,"column":5}}],"line":88},"9":{"loc":{"start":{"line":90,"column":11},"end":{"line":105,"column":5}},"type":"if","locations":[{"start":{"line":90,"column":11},"end":{"line":105,"column":5}},{"start":{"line":93,"column":11},"end":{"line":105,"column":5}}],"line":90}},"s":{"0":0,"1":0,"2":0,"3":0,"4":0,"5":0,"6":0,"7":0,"8":0,"9":0,"10":0,"11":0,"12":0,"13":0,"14":0,"15":0,"16":0,"17":0,"18":0,"19":0,"20":0,"21":0,"22":0,"23":0,"24":0,"25":0,"26":0,"27":0,"28":0,"29":0,"30":0,"31":0,"32":0,"33":0,"34":0,"35":0,"36":0,"37":0,"38":0,"39":0,"40":0,"41":0,"42":0,"43":0,"44":0,"45":0,"46":0,"47":0,"48":0,"49":0},"f":{"0":0,"1":0,"2":0,"3":0,"4":0,"5":0,"6":0,"7":0,"8":0,"9":0,"10":0,"11":0},"b":{"0":[0,0],"1":[0,0],"2":[0,0],"3":[0,0],"4":[0,0],"5":[0,0],"6":[0,0],"7":[0,0],"8":[0,0],"9":[0,0]}}
,"/Users/dteeger1/Desktop/CS3/SD/Final/Appointment-booking-system/src/components/EventCard.js": {"path":"/Users/dteeger1/Desktop/CS3/SD/Final/Appointment-booking-system/src/components/EventCard.js","statementMap":{"0":{"start":{"line":10,"column":23},"end":{"line":12,"column":3}},"1":{"start":{"line":11,"column":4},"end":{"line":11,"column":65}},"2":{"start":{"line":16,"column":2},"end":{"line":31,"column":3}}},"fnMap":{"0":{"name":"EventCard","decl":{"start":{"line":9,"column":24},"end":{"line":9,"column":33}},"loc":{"start":{"line":9,"column":49},"end":{"line":33,"column":1}},"line":9},"1":{"name":"(anonymous_1)","decl":{"start":{"line":10,"column":23},"end":{"line":10,"column":24}},"loc":{"start":{"line":10,"column":35},"end":{"line":12,"column":3}},"line":10}},"branchMap":{},"s":{"0":0,"1":0,"2":0},"f":{"0":0,"1":0},"b":{}}
,"/Users/dteeger1/Desktop/CS3/SD/Final/Appointment-booking-system/src/components/EventDaySelection.js": {"path":"/Users/dteeger1/Desktop/CS3/SD/Final/Appointment-booking-system/src/components/EventDaySelection.js","statementMap":{"0":{"start":{"line":9,"column":4},"end":{"line":19,"column":5}}},"fnMap":{"0":{"name":"EventDaySelection","decl":{"start":{"line":8,"column":24},"end":{"line":8,"column":41}},"loc":{"start":{"line":8,"column":115},"end":{"line":20,"column":1}},"line":8}},"branchMap":{},"s":{"0":7},"f":{"0":7},"b":{},"_coverageSchema":"1a1c01bbd47fc00a2c39e90264f33305004495a9","hash":"176c9dedef4ed4dbc0893dbb2c125f1a56c2fc7b"}
,"/Users/dteeger1/Desktop/CS3/SD/Final/Appointment-booking-system/src/components/EventList.js": {"path":"/Users/dteeger1/Desktop/CS3/SD/Final/Appointment-booking-system/src/components/EventList.js","statementMap":{"0":{"start":{"line":17,"column":26},"end":{"line":17,"column":35}},"1":{"start":{"line":18,"column":27},"end":{"line":18,"column":51}},"2":{"start":{"line":19,"column":22},"end":{"line":20,"column":4}},"3":{"start":{"line":21,"column":43},"end":{"line":21,"column":69}},"4":{"start":{"line":22,"column":19},"end":{"line":22,"column":32}},"5":{"start":{"line":23,"column":36},"end":{"line":23,"column":51}},"6":{"start":{"line":24,"column":22},"end":{"line":26,"column":3}},"7":{"start":{"line":25,"column":4},"end":{"line":25,"column":23}},"8":{"start":{"line":27,"column":2},"end":{"line":27,"column":36}},"9":{"start":{"line":28,"column":17},"end":{"line":28,"column":37}},"10":{"start":{"line":29,"column":2},"end":{"line":29,"column":22}},"11":{"start":{"line":32,"column":2},"end":{"line":65,"column":8}},"12":{"start":{"line":49,"column":50},"end":{"line":49,"column":74}},"13":{"start":{"line":57,"column":26},"end":{"line":57,"column":38}},"14":{"start":{"line":58,"column":8},"end":{"line":58,"column":28}},"15":{"start":{"line":59,"column":8},"end":{"line":60,"column":10}}},"fnMap":{"0":{"name":"EventList","decl":{"start":{"line":16,"column":24},"end":{"line":16,"column":33}},"loc":{"start":{"line":16,"column":36},"end":{"line":67,"column":1}},"line":16},"1":{"name":"(anonymous_1)","decl":{"start":{"line":24,"column":22},"end":{"line":24,"column":23}},"loc":{"start":{"line":24,"column":28},"end":{"line":26,"column":3}},"line":24},"2":{"name":"(anonymous_2)","decl":{"start":{"line":49,"column":42},"end":{"line":49,"column":43}},"loc":{"start":{"line":49,"column":48},"end":{"line":49,"column":76}},"line":49},"3":{"name":"(anonymous_3)","decl":{"start":{"line":56,"column":23},"end":{"line":56,"column":24}},"loc":{"start":{"line":56,"column":34},"end":{"line":61,"column":7}},"line":56}},"branchMap":{"0":{"loc":{"start":{"line":33,"column":5},"end":{"line":35,"column":10}},"type":"binary-expr","locations":[{"start":{"line":33,"column":5},"end":{"line":33,"column":14}},{"start":{"line":33,"column":18},"end":{"line":35,"column":10}}],"line":33},"1":{"loc":{"start":{"line":50,"column":11},"end":{"line":55,"column":11}},"type":"binary-expr","locations":[{"start":{"line":50,"column":11},"end":{"line":50,"column":18}},{"start":{"line":51,"column":12},"end":{"line":54,"column":18}}],"line":50}},"s":{"0":0,"1":0,"2":0,"3":0,"4":0,"5":0,"6":0,"7":0,"8":0,"9":0,"10":0,"11":0,"12":0,"13":0,"14":0,"15":0},"f":{"0":0,"1":0,"2":0,"3":0},"b":{"0":[0,0],"1":[0,0]}}
,"/Users/dteeger1/Desktop/CS3/SD/Final/Appointment-booking-system/src/components/Home.js": {"path":"/Users/dteeger1/Desktop/CS3/SD/Final/Appointment-booking-system/src/components/Home.js","statementMap":{"0":{"start":{"line":12,"column":28},"end":{"line":12,"column":40}},"1":{"start":{"line":13,"column":34},"end":{"line":13,"column":43}},"2":{"start":{"line":14,"column":38},"end":{"line":14,"column":52}},"3":{"start":{"line":15,"column":44},"end":{"line":15,"column":59}},"4":{"start":{"line":16,"column":19},"end":{"line":16,"column":32}},"5":{"start":{"line":18,"column":4},"end":{"line":18,"column":16}},"6":{"start":{"line":20,"column":4},"end":{"line":26,"column":5}},"7":{"start":{"line":21,"column":6},"end":{"line":21,"column":20}},"8":{"start":{"line":22,"column":6},"end":{"line":22,"column":24}},"9":{"start":{"line":24,"column":6},"end":{"line":24,"column":35}},"10":{"start":{"line":25,"column":6},"end":{"line":25,"column":18}},"11":{"start":{"line":30,"column":42},"end":{"line":30,"column":60}},"12":{"start":{"line":32,"column":23},"end":{"line":41,"column":3}},"13":{"start":{"line":43,"column":32},"end":{"line":51,"column":3}},"14":{"start":{"line":54,"column":2},"end":{"line":98,"column":3}},"15":{"start":{"line":61,"column":8},"end":{"line":61,"column":34}},"16":{"start":{"line":62,"column":8},"end":{"line":62,"column":28}},"17":{"start":{"line":63,"column":8},"end":{"line":63,"column":32}},"18":{"start":{"line":66,"column":8},"end":{"line":66,"column":37}},"19":{"start":{"line":67,"column":8},"end":{"line":67,"column":31}},"20":{"start":{"line":68,"column":8},"end":{"line":68,"column":29}},"21":{"start":{"line":89,"column":29},"end":{"line":89,"column":71}},"22":{"start":{"line":90,"column":28},"end":{"line":90,"column":67}}},"fnMap":{"0":{"name":"Home","decl":{"start":{"line":10,"column":24},"end":{"line":10,"column":28}},"loc":{"start":{"line":10,"column":31},"end":{"line":99,"column":1}},"line":10},"1":{"name":"handleLogout","decl":{"start":{"line":17,"column":17},"end":{"line":17,"column":29}},"loc":{"start":{"line":17,"column":32},"end":{"line":27,"column":3}},"line":17},"2":{"name":"(anonymous_2)","decl":{"start":{"line":60,"column":44},"end":{"line":60,"column":45}},"loc":{"start":{"line":60,"column":50},"end":{"line":64,"column":7}},"line":60},"3":{"name":"(anonymous_3)","decl":{"start":{"line":65,"column":53},"end":{"line":65,"column":54}},"loc":{"start":{"line":65,"column":59},"end":{"line":69,"column":7}},"line":65},"4":{"name":"(anonymous_4)","decl":{"start":{"line":89,"column":21},"end":{"line":89,"column":22}},"loc":{"start":{"line":89,"column":29},"end":{"line":89,"column":71}},"line":89},"5":{"name":"(anonymous_5)","decl":{"start":{"line":90,"column":20},"end":{"line":90,"column":21}},"loc":{"start":{"line":90,"column":28},"end":{"line":90,"column":67}},"line":90}},"branchMap":{"0":{"loc":{"start":{"line":39,"column":21},"end":{"line":39,"column":65}},"type":"cond-expr","locations":[{"start":{"line":39,"column":49},"end":{"line":39,"column":55}},{"start":{"line":39,"column":58},"end":{"line":39,"column":65}}],"line":39},"1":{"loc":{"start":{"line":40,"column":11},"end":{"line":40,"column":56}},"type":"cond-expr","locations":[{"start":{"line":40,"column":39},"end":{"line":40,"column":46}},{"start":{"line":40,"column":49},"end":{"line":40,"column":56}}],"line":40},"2":{"loc":{"start":{"line":49,"column":21},"end":{"line":49,"column":68}},"type":"cond-expr","locations":[{"start":{"line":49,"column":52},"end":{"line":49,"column":58}},{"start":{"line":49,"column":61},"end":{"line":49,"column":68}}],"line":49},"3":{"loc":{"start":{"line":50,"column":11},"end":{"line":50,"column":59}},"type":"cond-expr","locations":[{"start":{"line":50,"column":42},"end":{"line":50,"column":49}},{"start":{"line":50,"column":52},"end":{"line":50,"column":59}}],"line":50},"4":{"loc":{"start":{"line":95,"column":7},"end":{"line":95,"column":43}},"type":"binary-expr","locations":[{"start":{"line":95,"column":7},"end":{"line":95,"column":20}},{"start":{"line":95,"column":24},"end":{"line":95,"column":43}}],"line":95},"5":{"loc":{"start":{"line":96,"column":7},"end":{"line":96,"column":34}},"type":"binary-expr","locations":[{"start":{"line":96,"column":7},"end":{"line":96,"column":17}},{"start":{"line":96,"column":21},"end":{"line":96,"column":34}}],"line":96}},"s":{"0":0,"1":0,"2":0,"3":0,"4":0,"5":0,"6":0,"7":0,"8":0,"9":0,"10":0,"11":0,"12":0,"13":0,"14":0,"15":0,"16":0,"17":0,"18":0,"19":0,"20":0,"21":0,"22":0},"f":{"0":0,"1":0,"2":0,"3":0,"4":0,"5":0},"b":{"0":[0,0],"1":[0,0],"2":[0,0],"3":[0,0],"4":[0,0],"5":[0,0]}}
,"/Users/dteeger1/Desktop/CS3/SD/Final/Appointment-booking-system/src/components/Login.js": {"path":"/Users/dteeger1/Desktop/CS3/SD/Final/Appointment-booking-system/src/components/Login.js","statementMap":{"0":{"start":{"line":9,"column":17},"end":{"line":9,"column":25}},"1":{"start":{"line":10,"column":20},"end":{"line":10,"column":28}},"2":{"start":{"line":11,"column":17},"end":{"line":11,"column":30}},"3":{"start":{"line":12,"column":29},"end":{"line":12,"column":38}},"4":{"start":{"line":15,"column":25},"end":{"line":15,"column":37}},"5":{"start":{"line":16,"column":30},"end":{"line":16,"column":45}},"6":{"start":{"line":19,"column":4},"end":{"line":19,"column":22}},"7":{"start":{"line":20,"column":4},"end":{"line":34,"column":5}},"8":{"start":{"line":21,"column":4},"end":{"line":21,"column":16}},"9":{"start":{"line":22,"column":4},"end":{"line":22,"column":20}},"10":{"start":{"line":23,"column":4},"end":{"line":23,"column":66}},"11":{"start":{"line":24,"column":4},"end":{"line":24,"column":17}},"12":{"start":{"line":27,"column":8},"end":{"line":27,"column":31}},"13":{"start":{"line":28,"column":8},"end":{"line":32,"column":11}},"14":{"start":{"line":29,"column":12},"end":{"line":29,"column":45}},"15":{"start":{"line":30,"column":16},"end":{"line":32,"column":11}},"16":{"start":{"line":31,"column":12},"end":{"line":31,"column":38}},"17":{"start":{"line":35,"column":4},"end":{"line":35,"column":21}},"18":{"start":{"line":40,"column":2},"end":{"line":71,"column":3}}},"fnMap":{"0":{"name":"Login","decl":{"start":{"line":6,"column":24},"end":{"line":6,"column":29}},"loc":{"start":{"line":6,"column":32},"end":{"line":72,"column":1}},"line":6},"1":{"name":"handleSubmit","decl":{"start":{"line":18,"column":19},"end":{"line":18,"column":31}},"loc":{"start":{"line":18,"column":35},"end":{"line":36,"column":1}},"line":18}},"branchMap":{"0":{"loc":{"start":{"line":28,"column":8},"end":{"line":32,"column":11}},"type":"if","locations":[{"start":{"line":28,"column":8},"end":{"line":32,"column":11}},{"start":{"line":30,"column":16},"end":{"line":32,"column":11}}],"line":28},"1":{"loc":{"start":{"line":30,"column":16},"end":{"line":32,"column":11}},"type":"if","locations":[{"start":{"line":30,"column":16},"end":{"line":32,"column":11}},{"start":{},"end":{}}],"line":30},"2":{"loc":{"start":{"line":50,"column":9},"end":{"line":50,"column":57}},"type":"binary-expr","locations":[{"start":{"line":50,"column":9},"end":{"line":50,"column":14}},{"start":{"line":50,"column":18},"end":{"line":50,"column":57}}],"line":50}},"s":{"0":0,"1":0,"2":0,"3":0,"4":0,"5":0,"6":0,"7":0,"8":0,"9":0,"10":0,"11":0,"12":0,"13":0,"14":0,"15":0,"16":0,"17":0,"18":0},"f":{"0":0,"1":0},"b":{"0":[0,0],"1":[0,0],"2":[0,0]}}
,"/Users/dteeger1/Desktop/CS3/SD/Final/Appointment-booking-system/src/components/PrivateRoute.js": {"path":"/Users/dteeger1/Desktop/CS3/SD/Final/Appointment-booking-system/src/components/PrivateRoute.js","statementMap":{"0":{"start":{"line":7,"column":26},"end":{"line":7,"column":35}},"1":{"start":{"line":9,"column":2},"end":{"line":9,"column":59}}},"fnMap":{"0":{"name":"PrivateRoute","decl":{"start":{"line":6,"column":24},"end":{"line":6,"column":36}},"loc":{"start":{"line":6,"column":51},"end":{"line":10,"column":1}},"line":6}},"branchMap":{"0":{"loc":{"start":{"line":9,"column":9},"end":{"line":9,"column":58}},"type":"cond-expr","locations":[{"start":{"line":9,"column":23},"end":{"line":9,"column":31}},{"start":{"line":9,"column":34},"end":{"line":9,"column":58}}],"line":9}},"s":{"0":0,"1":0},"f":{"0":0},"b":{"0":[0,0]}}
,"/Users/dteeger1/Desktop/CS3/SD/Final/Appointment-booking-system/src/components/ScheduledEvents.js": {"path":"/Users/dteeger1/Desktop/CS3/SD/Final/Appointment-booking-system/src/components/ScheduledEvents.js","statementMap":{"0":{"start":{"line":14,"column":42},"end":{"line":14,"column":56}},"1":{"start":{"line":15,"column":42},"end":{"line":15,"column":54}},"2":{"start":{"line":16,"column":32},"end":{"line":16,"column":47}},"3":{"start":{"line":17,"column":52},"end":{"line":17,"column":67}},"4":{"start":{"line":18,"column":54},"end":{"line":18,"column":66}},"5":{"start":{"line":19,"column":26},"end":{"line":19,"column":35}},"6":{"start":{"line":21,"column":2},"end":{"line":25,"column":21}},"7":{"start":{"line":22,"column":4},"end":{"line":24,"column":5}},"8":{"start":{"line":23,"column":6},"end":{"line":23,"column":38}},"9":{"start":{"line":28,"column":28},"end":{"line":53,"column":3}},"10":{"start":{"line":29,"column":14},"end":{"line":29,"column":78}},"11":{"start":{"line":31,"column":26},"end":{"line":31,"column":42}},"12":{"start":{"line":32,"column":19},"end":{"line":32,"column":21}},"13":{"start":{"line":33,"column":4},"end":{"line":37,"column":7}},"14":{"start":{"line":34,"column":24},"end":{"line":34,"column":34}},"15":{"start":{"line":35,"column":6},"end":{"line":35,"column":28}},"16":{"start":{"line":36,"column":6},"end":{"line":36,"column":29}},"17":{"start":{"line":40,"column":26},"end":{"line":43,"column":5}},"18":{"start":{"line":41,"column":29},"end":{"line":41,"column":44}},"19":{"start":{"line":42,"column":6},"end":{"line":42,"column":60}},"20":{"start":{"line":46,"column":4},"end":{"line":50,"column":7}},"21":{"start":{"line":47,"column":20},"end":{"line":47,"column":59}},"22":{"start":{"line":48,"column":20},"end":{"line":48,"column":59}},"23":{"start":{"line":49,"column":6},"end":{"line":49,"column":27}},"24":{"start":{"line":52,"column":4},"end":{"line":52,"column":28}},"25":{"start":{"line":55,"column":2},"end":{"line":62,"column":3}},"26":{"start":{"line":56,"column":4},"end":{"line":61,"column":7}},"27":{"start":{"line":65,"column":24},"end":{"line":91,"column":3}},"28":{"start":{"line":66,"column":4},"end":{"line":66,"column":21}},"29":{"start":{"line":67,"column":4},"end":{"line":67,"column":55}},"30":{"start":{"line":68,"column":4},"end":{"line":68,"column":44}},"31":{"start":{"line":69,"column":4},"end":{"line":69,"column":22}},"32":{"start":{"line":70,"column":4},"end":{"line":70,"column":38}},"33":{"start":{"line":71,"column":4},"end":{"line":71,"column":31}},"34":{"start":{"line":72,"column":4},"end":{"line":72,"column":28}},"35":{"start":{"line":75,"column":2},"end":{"line":88,"column":4}},"36":{"start":{"line":94,"column":2},"end":{"line":146,"column":4}},"37":{"start":{"line":102,"column":28},"end":{"line":102,"column":49}},"38":{"start":{"line":121,"column":14},"end":{"line":135,"column":19}},"39":{"start":{"line":130,"column":35},"end":{"line":130,"column":55}},"40":{"start":{"line":142,"column":21},"end":{"line":142,"column":48}}},"fnMap":{"0":{"name":"ScheduledEvents","decl":{"start":{"line":13,"column":24},"end":{"line":13,"column":39}},"loc":{"start":{"line":13,"column":42},"end":{"line":147,"column":1}},"line":13},"1":{"name":"(anonymous_1)","decl":{"start":{"line":21,"column":12},"end":{"line":21,"column":13}},"loc":{"start":{"line":21,"column":18},"end":{"line":25,"column":3}},"line":21},"2":{"name":"(anonymous_2)","decl":{"start":{"line":28,"column":28},"end":{"line":28,"column":29}},"loc":{"start":{"line":28,"column":44},"end":{"line":53,"column":3}},"line":28},"3":{"name":"(anonymous_3)","decl":{"start":{"line":33,"column":26},"end":{"line":33,"column":27}},"loc":{"start":{"line":33,"column":35},"end":{"line":37,"column":5}},"line":33},"4":{"name":"(anonymous_4)","decl":{"start":{"line":40,"column":26},"end":{"line":40,"column":27}},"loc":{"start":{"line":40,"column":36},"end":{"line":43,"column":5}},"line":40},"5":{"name":"(anonymous_5)","decl":{"start":{"line":46,"column":16},"end":{"line":46,"column":17}},"loc":{"start":{"line":46,"column":26},"end":{"line":50,"column":5}},"line":46},"6":{"name":"(anonymous_6)","decl":{"start":{"line":65,"column":24},"end":{"line":65,"column":25}},"loc":{"start":{"line":65,"column":41},"end":{"line":91,"column":3}},"line":65},"7":{"name":"(anonymous_7)","decl":{"start":{"line":102,"column":18},"end":{"line":102,"column":19}},"loc":{"start":{"line":102,"column":28},"end":{"line":102,"column":49}},"line":102},"8":{"name":"(anonymous_8)","decl":{"start":{"line":120,"column":30},"end":{"line":120,"column":31}},"loc":{"start":{"line":121,"column":14},"end":{"line":135,"column":19}},"line":121},"9":{"name":"(anonymous_9)","decl":{"start":{"line":130,"column":29},"end":{"line":130,"column":30}},"loc":{"start":{"line":130,"column":35},"end":{"line":130,"column":55}},"line":130},"10":{"name":"(anonymous_10)","decl":{"start":{"line":142,"column":15},"end":{"line":142,"column":16}},"loc":{"start":{"line":142,"column":21},"end":{"line":142,"column":48}},"line":142}},"branchMap":{"0":{"loc":{"start":{"line":22,"column":4},"end":{"line":24,"column":5}},"type":"if","locations":[{"start":{"line":22,"column":4},"end":{"line":24,"column":5}},{"start":{},"end":{}}],"line":22},"1":{"loc":{"start":{"line":55,"column":2},"end":{"line":62,"column":3}},"type":"if","locations":[{"start":{"line":55,"column":2},"end":{"line":62,"column":3}},{"start":{},"end":{}}],"line":55},"2":{"loc":{"start":{"line":85,"column":16},"end":{"line":85,"column":60}},"type":"binary-expr","locations":[{"start":{"line":85,"column":16},"end":{"line":85,"column":39}},{"start":{"line":85,"column":43},"end":{"line":85,"column":60}}],"line":85}},"s":{"0":0,"1":0,"2":0,"3":0,"4":0,"5":0,"6":0,"7":0,"8":0,"9":0,"10":0,"11":0,"12":0,"13":0,"14":0,"15":0,"16":0,"17":0,"18":0,"19":0,"20":0,"21":0,"22":0,"23":0,"24":0,"25":0,"26":0,"27":0,"28":0,"29":0,"30":0,"31":0,"32":0,"33":0,"34":0,"35":0,"36":0,"37":0,"38":0,"39":0,"40":0},"f":{"0":0,"1":0,"2":0,"3":0,"4":0,"5":0,"6":0,"7":0,"8":0,"9":0,"10":0},"b":{"0":[0,0],"1":[0,0],"2":[0,0]}}
,"/Users/dteeger1/Desktop/CS3/SD/Final/Appointment-booking-system/src/components/ShowLinkButton.js": {"path":"/Users/dteeger1/Desktop/CS3/SD/Final/Appointment-booking-system/src/components/ShowLinkButton.js","statementMap":{"0":{"start":{"line":6,"column":34},"end":{"line":6,"column":49}},"1":{"start":{"line":7,"column":18},"end":{"line":7,"column":30}},"2":{"start":{"line":9,"column":2},"end":{"line":19,"column":17}},"3":{"start":{"line":10,"column":4},"end":{"line":18,"column":5}},"4":{"start":{"line":11,"column":24},"end":{"line":11,"column":51}},"5":{"start":{"line":12,"column":29},"end":{"line":12,"column":46}},"6":{"start":{"line":13,"column":29},"end":{"line":13,"column":60}},"7":{"start":{"line":15,"column":6},"end":{"line":17,"column":7}},"8":{"start":{"line":16,"column":8},"end":{"line":16,"column":59}},"9":{"start":{"line":21,"column":25},"end":{"line":23,"column":3}},"10":{"start":{"line":22,"column":4},"end":{"line":22,"column":82}},"11":{"start":{"line":25,"column":25},"end":{"line":27,"column":3}},"12":{"start":{"line":26,"column":4},"end":{"line":26,"column":23}},"13":{"start":{"line":29,"column":2},"end":{"line":59,"column":4}},"14":{"start":{"line":39,"column":63},"end":{"line":39,"column":80}}},"fnMap":{"0":{"name":"ShowLinkButton","decl":{"start":{"line":5,"column":24},"end":{"line":5,"column":38}},"loc":{"start":{"line":5,"column":54},"end":{"line":60,"column":1}},"line":5},"1":{"name":"(anonymous_1)","decl":{"start":{"line":9,"column":12},"end":{"line":9,"column":13}},"loc":{"start":{"line":9,"column":18},"end":{"line":19,"column":3}},"line":9},"2":{"name":"(anonymous_2)","decl":{"start":{"line":21,"column":25},"end":{"line":21,"column":26}},"loc":{"start":{"line":21,"column":31},"end":{"line":23,"column":3}},"line":21},"3":{"name":"(anonymous_3)","decl":{"start":{"line":25,"column":25},"end":{"line":25,"column":26}},"loc":{"start":{"line":25,"column":31},"end":{"line":27,"column":3}},"line":25},"4":{"name":"(anonymous_4)","decl":{"start":{"line":39,"column":57},"end":{"line":39,"column":58}},"loc":{"start":{"line":39,"column":63},"end":{"line":39,"column":80}},"line":39}},"branchMap":{"0":{"loc":{"start":{"line":10,"column":4},"end":{"line":18,"column":5}},"type":"if","locations":[{"start":{"line":10,"column":4},"end":{"line":18,"column":5}},{"start":{},"end":{}}],"line":10},"1":{"loc":{"start":{"line":10,"column":8},"end":{"line":10,"column":35}},"type":"binary-expr","locations":[{"start":{"line":10,"column":8},"end":{"line":10,"column":16}},{"start":{"line":10,"column":20},"end":{"line":10,"column":35}}],"line":10},"2":{"loc":{"start":{"line":15,"column":6},"end":{"line":17,"column":7}},"type":"if","locations":[{"start":{"line":15,"column":6},"end":{"line":17,"column":7}},{"start":{},"end":{}}],"line":15},"3":{"loc":{"start":{"line":40,"column":7},"end":{"line":57,"column":7}},"type":"binary-expr","locations":[{"start":{"line":40,"column":7},"end":{"line":40,"column":15}},{"start":{"line":41,"column":8},"end":{"line":56,"column":14}}],"line":40}},"s":{"0":0,"1":0,"2":0,"3":0,"4":0,"5":0,"6":0,"7":0,"8":0,"9":0,"10":0,"11":0,"12":0,"13":0,"14":0},"f":{"0":0,"1":0,"2":0,"3":0,"4":0},"b":{"0":[0,0],"1":[0,0],"2":[0,0],"3":[0,0]}}
,"/Users/dteeger1/Desktop/CS3/SD/Final/Appointment-booking-system/src/components/SignUp.js": {"path":"/Users/dteeger1/Desktop/CS3/SD/Final/Appointment-booking-system/src/components/SignUp.js","statementMap":{"0":{"start":{"line":8,"column":17},"end":{"line":8,"column":25}},"1":{"start":{"line":9,"column":20},"end":{"line":9,"column":28}},"2":{"start":{"line":10,"column":27},"end":{"line":10,"column":35}},"3":{"start":{"line":11,"column":30},"end":{"line":11,"column":39}},"4":{"start":{"line":12,"column":25},"end":{"line":12,"column":37}},"5":{"start":{"line":13,"column":30},"end":{"line":13,"column":45}},"6":{"start":{"line":14,"column":17},"end":{"line":14,"column":30}},"7":{"start":{"line":17,"column":4},"end":{"line":17,"column":22}},"8":{"start":{"line":18,"column":4},"end":{"line":20,"column":5}},"9":{"start":{"line":19,"column":8},"end":{"line":19,"column":49}},"10":{"start":{"line":21,"column":4},"end":{"line":44,"column":5}},"11":{"start":{"line":22,"column":4},"end":{"line":22,"column":16}},"12":{"start":{"line":23,"column":4},"end":{"line":23,"column":20}},"13":{"start":{"line":24,"column":4},"end":{"line":24,"column":67}},"14":{"start":{"line":25,"column":4},"end":{"line":25,"column":17}},"15":{"start":{"line":27,"column":8},"end":{"line":27,"column":31}},"16":{"start":{"line":30,"column":8},"end":{"line":42,"column":11}},"17":{"start":{"line":32,"column":12},"end":{"line":32,"column":59}},"18":{"start":{"line":33,"column":17},"end":{"line":42,"column":11}},"19":{"start":{"line":35,"column":12},"end":{"line":35,"column":61}},"20":{"start":{"line":36,"column":17},"end":{"line":42,"column":11}},"21":{"start":{"line":37,"column":12},"end":{"line":37,"column":67}},"22":{"start":{"line":38,"column":17},"end":{"line":42,"column":11}},"23":{"start":{"line":39,"column":12},"end":{"line":39,"column":48}},"24":{"start":{"line":41,"column":12},"end":{"line":41,"column":59}},"25":{"start":{"line":45,"column":4},"end":{"line":45,"column":21}},"26":{"start":{"line":50,"column":2},"end":{"line":86,"column":3}}},"fnMap":{"0":{"name":"SignUp","decl":{"start":{"line":6,"column":24},"end":{"line":6,"column":30}},"loc":{"start":{"line":6,"column":33},"end":{"line":87,"column":1}},"line":6},"1":{"name":"handleSubmit","decl":{"start":{"line":16,"column":19},"end":{"line":16,"column":31}},"loc":{"start":{"line":16,"column":35},"end":{"line":46,"column":1}},"line":16}},"branchMap":{"0":{"loc":{"start":{"line":18,"column":4},"end":{"line":20,"column":5}},"type":"if","locations":[{"start":{"line":18,"column":4},"end":{"line":20,"column":5}},{"start":{},"end":{}}],"line":18},"1":{"loc":{"start":{"line":30,"column":8},"end":{"line":42,"column":11}},"type":"if","locations":[{"start":{"line":30,"column":8},"end":{"line":42,"column":11}},{"start":{"line":33,"column":17},"end":{"line":42,"column":11}}],"line":30},"2":{"loc":{"start":{"line":33,"column":17},"end":{"line":42,"column":11}},"type":"if","locations":[{"start":{"line":33,"column":17},"end":{"line":42,"column":11}},{"start":{"line":36,"column":17},"end":{"line":42,"column":11}}],"line":33},"3":{"loc":{"start":{"line":36,"column":17},"end":{"line":42,"column":11}},"type":"if","locations":[{"start":{"line":36,"column":17},"end":{"line":42,"column":11}},{"start":{"line":38,"column":17},"end":{"line":42,"column":11}}],"line":36},"4":{"loc":{"start":{"line":38,"column":17},"end":{"line":42,"column":11}},"type":"if","locations":[{"start":{"line":38,"column":17},"end":{"line":42,"column":11}},{"start":{"line":40,"column":17},"end":{"line":42,"column":11}}],"line":38},"5":{"loc":{"start":{"line":60,"column":9},"end":{"line":60,"column":57}},"type":"binary-expr","locations":[{"start":{"line":60,"column":9},"end":{"line":60,"column":14}},{"start":{"line":60,"column":18},"end":{"line":60,"column":57}}],"line":60}},"s":{"0":0,"1":0,"2":0,"3":0,"4":0,"5":0,"6":0,"7":0,"8":0,"9":0,"10":0,"11":0,"12":0,"13":0,"14":0,"15":0,"16":0,"17":0,"18":0,"19":0,"20":0,"21":0,"22":0,"23":0,"24":0,"25":0,"26":0},"f":{"0":0,"1":0},"b":{"0":[0,0],"1":[0,0],"2":[0,0],"3":[0,0],"4":[0,0],"5":[0,0]}}
,"/Users/dteeger1/Desktop/CS3/SD/Final/Appointment-booking-system/src/components/ThankYouModal.js": {"path":"/Users/dteeger1/Desktop/CS3/SD/Final/Appointment-booking-system/src/components/ThankYouModal.js","statementMap":{"0":{"start":{"line":3,"column":4},"end":{"line":3,"column":29}},"1":{"start":{"line":3,"column":17},"end":{"line":3,"column":29}},"2":{"start":{"line":5,"column":4},"end":{"line":51,"column":6}}},"fnMap":{"0":{"name":"ThankYouModal","decl":{"start":{"line":2,"column":24},"end":{"line":2,"column":37}},"loc":{"start":{"line":2,"column":66},"end":{"line":52,"column":3}},"line":2}},"branchMap":{"0":{"loc":{"start":{"line":3,"column":4},"end":{"line":3,"column":29}},"type":"if","locations":[{"start":{"line":3,"column":4},"end":{"line":3,"column":29}},{"start":{},"end":{}}],"line":3}},"s":{"0":3,"1":3,"2":0},"f":{"0":3},"b":{"0":[3,0]},"_coverageSchema":"1a1c01bbd47fc00a2c39e90264f33305004495a9","hash":"a5d85069c8cf80e6861b6adfe9c59f65a8f3cc76"}
,"/Users/dteeger1/Desktop/CS3/SD/Final/Appointment-booking-system/src/components/Title.js": {"path":"/Users/dteeger1/Desktop/CS3/SD/Final/Appointment-booking-system/src/components/Title.js","statementMap":{"0":{"start":{"line":6,"column":4},"end":{"line":23,"column":8}}},"fnMap":{"0":{"name":"Title","decl":{"start":{"line":5,"column":24},"end":{"line":5,"column":29}},"loc":{"start":{"line":5,"column":32},"end":{"line":24,"column":1}},"line":5}},"branchMap":{},"s":{"0":3},"f":{"0":3},"b":{},"_coverageSchema":"1a1c01bbd47fc00a2c39e90264f33305004495a9","hash":"2997e096c0fbc7b9230d9bd368cd697c1487ec0d"}
,"/Users/dteeger1/Desktop/CS3/SD/Final/Appointment-booking-system/src/contexts/AuthContext.js": {"path":"/Users/dteeger1/Desktop/CS3/SD/Final/Appointment-booking-system/src/contexts/AuthContext.js","statementMap":{"0":{"start":{"line":5,"column":20},"end":{"line":5,"column":41}},"1":{"start":{"line":8,"column":2},"end":{"line":8,"column":33}},"2":{"start":{"line":12,"column":40},"end":{"line":12,"column":50}},"3":{"start":{"line":13,"column":32},"end":{"line":13,"column":46}},"4":{"start":{"line":14,"column":4},"end":{"line":14,"column":21}},"5":{"start":{"line":16,"column":4},"end":{"line":16,"column":66}},"6":{"start":{"line":20,"column":4},"end":{"line":20,"column":59}},"7":{"start":{"line":24,"column":4},"end":{"line":24,"column":25}},"8":{"start":{"line":26,"column":2},"end":{"line":34,"column":9}},"9":{"start":{"line":27,"column":24},"end":{"line":31,"column":6}},"10":{"start":{"line":28,"column":8},"end":{"line":28,"column":29}},"11":{"start":{"line":29,"column":8},"end":{"line":29,"column":26}},"12":{"start":{"line":33,"column":4},"end":{"line":33,"column":23}},"13":{"start":{"line":36,"column":16},"end":{"line":41,"column":3}},"14":{"start":{"line":43,"column":2},"end":{"line":47,"column":4}}},"fnMap":{"0":{"name":"useAuth","decl":{"start":{"line":7,"column":16},"end":{"line":7,"column":23}},"loc":{"start":{"line":7,"column":26},"end":{"line":9,"column":1}},"line":7},"1":{"name":"AuthProvider","decl":{"start":{"line":11,"column":16},"end":{"line":11,"column":28}},"loc":{"start":{"line":11,"column":43},"end":{"line":48,"column":1}},"line":11},"2":{"name":"signup","decl":{"start":{"line":15,"column":11},"end":{"line":15,"column":17}},"loc":{"start":{"line":15,"column":35},"end":{"line":17,"column":3}},"line":15},"3":{"name":"login","decl":{"start":{"line":19,"column":11},"end":{"line":19,"column":16}},"loc":{"start":{"line":19,"column":32},"end":{"line":21,"column":3}},"line":19},"4":{"name":"logout","decl":{"start":{"line":23,"column":11},"end":{"line":23,"column":17}},"loc":{"start":{"line":23,"column":19},"end":{"line":25,"column":3}},"line":23},"5":{"name":"(anonymous_5)","decl":{"start":{"line":26,"column":12},"end":{"line":26,"column":13}},"loc":{"start":{"line":26,"column":18},"end":{"line":34,"column":3}},"line":26},"6":{"name":"(anonymous_6)","decl":{"start":{"line":27,"column":48},"end":{"line":27,"column":49}},"loc":{"start":{"line":27,"column":58},"end":{"line":31,"column":5}},"line":27}},"branchMap":{"0":{"loc":{"start":{"line":45,"column":9},"end":{"line":45,"column":29}},"type":"binary-expr","locations":[{"start":{"line":45,"column":9},"end":{"line":45,"column":17}},{"start":{"line":45,"column":21},"end":{"line":45,"column":29}}],"line":45}},"s":{"0":0,"1":0,"2":0,"3":0,"4":0,"5":0,"6":0,"7":0,"8":0,"9":0,"10":0,"11":0,"12":0,"13":0,"14":0},"f":{"0":0,"1":0,"2":0,"3":0,"4":0,"5":0,"6":0},"b":{"0":[0,0]}}
}
