TN:
SF:src/App.js
FN:13,App
FNF:1
FNH:0
FNDA:0,App
DA:14,0
LF:1
LH:0
BRF:0
BRH:0
end_of_record
TN:
SF:src/firebase.js
FNF:0
FNH:0
DA:11,1
DA:21,1
DA:22,1
DA:23,1
DA:24,1
LF:5
LH:5
BRF:0
BRH:0
end_of_record
TN:
SF:src/index.js
FNF:0
FNH:0
DA:7,0
DA:8,0
LF:2
LH:0
BRF:0
BRH:0
end_of_record
TN:
SF:src/components/AvailableTimeSlots.js
FN:9,(anonymous_0)
FN:25,(anonymous_1)
FN:26,(anonymous_2)
FN:36,(anonymous_3)
FN:44,(anonymous_4)
FN:54,(anonymous_5)
FN:84,(anonymous_6)
FNF:7
FNH:0
FNDA:0,(anonymous_0)
FNDA:0,(anonymous_1)
FNDA:0,(anonymous_2)
FNDA:0,(anonymous_3)
FNDA:0,(anonymous_4)
FNDA:0,(anonymous_5)
FNDA:0,(anonymous_6)
DA:9,1
DA:23,0
DA:25,0
DA:26,0
DA:27,0
DA:28,0
DA:33,0
DA:35,0
DA:36,0
DA:37,0
DA:40,0
DA:43,0
DA:44,0
DA:46,0
DA:48,0
DA:51,0
DA:54,0
DA:55,0
DA:56,0
DA:57,0
DA:59,0
DA:60,0
DA:61,0
DA:65,0
DA:68,0
DA:73,0
DA:74,0
DA:82,0
DA:85,0
LF:29
LH:1
BRDA:73,0,0,0
BRDA:73,0,1,0
BRF:2
BRH:0
end_of_record
TN:
SF:src/components/CancelMeetingModal.js
FN:5,(anonymous_0)
FNF:1
FNH:0
FNDA:0,(anonymous_0)
DA:5,0
DA:6,0
LF:2
LH:0
BRF:0
BRH:0
end_of_record
TN:
SF:src/components/ConfirmBookingView.js
FN:17,ConfirmBookingView
FN:29,(anonymous_1)
FN:33,(anonymous_2)
FN:39,(anonymous_3)
FN:72,(anonymous_4)
FN:75,(anonymous_5)
FN:77,(anonymous_6)
FN:77,(anonymous_7)
FN:81,(anonymous_8)
FN:100,(anonymous_9)
FN:103,(anonymous_10)
FN:103,(anonymous_11)
FN:105,(anonymous_12)
FN:117,(anonymous_13)
FN:223,(anonymous_14)
FNF:15
FNH:1
FNDA:3,ConfirmBookingView
FNDA:0,(anonymous_1)
FNDA:0,(anonymous_2)
FNDA:0,(anonymous_3)
FNDA:0,(anonymous_4)
FNDA:0,(anonymous_5)
FNDA:0,(anonymous_6)
FNDA:0,(anonymous_7)
FNDA:0,(anonymous_8)
FNDA:0,(anonymous_9)
FNDA:0,(anonymous_10)
FNDA:0,(anonymous_11)
FNDA:0,(anonymous_12)
FNDA:0,(anonymous_13)
FNDA:0,(anonymous_14)
DA:18,3
DA:19,3
DA:20,3
DA:21,3
DA:22,3
DA:23,3
DA:24,3
DA:25,3
DA:26,3
DA:29,3
DA:30,0
DA:32,3
DA:33,3
DA:34,0
DA:39,3
DA:40,0
DA:41,0
DA:42,0
DA:44,0
DA:45,0
DA:46,0
DA:50,0
DA:53,0
DA:59,3
DA:60,0
DA:67,3
DA:68,0
DA:72,3
DA:73,0
DA:74,0
DA:75,0
DA:77,0
DA:81,3
DA:82,0
DA:83,0
DA:86,0
DA:87,0
DA:88,0
DA:90,0
DA:91,0
DA:92,0
DA:95,0
DA:96,0
DA:99,0
DA:100,0
DA:103,0
DA:105,0
DA:106,0
DA:108,0
DA:109,0
DA:117,3
DA:118,0
DA:119,0
DA:130,0
DA:147,0
DA:153,3
DA:224,0
DA:225,0
LF:58
LH:19
BRDA:33,0,0,3
BRDA:33,0,1,0
BRDA:59,1,0,0
BRDA:59,1,1,3
BRDA:67,2,0,0
BRDA:67,2,1,3
BRDA:74,3,0,0
BRDA:74,3,1,0
BRDA:86,4,0,0
BRDA:86,4,1,0
BRDA:90,5,0,0
BRDA:90,5,1,0
BRDA:95,6,0,0
BRDA:95,6,1,0
BRDA:99,7,0,0
BRDA:99,7,1,0
BRDA:140,8,0,0
BRDA:140,8,1,0
BRDA:180,9,0,0
BRDA:180,9,1,3
BRDA:180,10,0,3
BRDA:180,10,1,0
BRDA:197,11,0,3
BRDA:197,11,1,0
BRDA:201,12,0,3
BRDA:201,12,1,0
BRDA:201,12,2,0
BRDA:202,13,0,0
BRDA:202,13,1,0
BRDA:232,14,0,3
BRDA:232,14,1,3
BRF:31
BRH:9
end_of_record
TN:
SF:src/components/CreateEventForm.js
FN:10,CreateEventForm
FN:12,(anonymous_1)
FN:29,handleSubmit
FN:33,(anonymous_3)
FN:75,timeToMinutes
FN:90,(anonymous_5)
FN:96,(anonymous_6)
FN:99,(anonymous_7)
FN:136,(anonymous_8)
FN:141,(anonymous_9)
FN:149,(anonymous_10)
FN:158,(anonymous_11)
FNF:12
FNH:0
FNDA:0,CreateEventForm
FNDA:0,(anonymous_1)
FNDA:0,handleSubmit
FNDA:0,(anonymous_3)
FNDA:0,timeToMinutes
FNDA:0,(anonymous_5)
FNDA:0,(anonymous_6)
FNDA:0,(anonymous_7)
FNDA:0,(anonymous_8)
FNDA:0,(anonymous_9)
FNDA:0,(anonymous_10)
FNDA:0,(anonymous_11)
DA:11,0
DA:12,0
DA:13,0
DA:14,0
DA:15,0
DA:17,0
DA:30,0
DA:32,0
DA:33,0
DA:34,0
DA:35,0
DA:36,0
DA:37,0
DA:39,0
DA:45,0
DA:46,0
DA:47,0
DA:48,0
DA:51,0
DA:52,0
DA:53,0
DA:56,0
DA:57,0
DA:59,0
DA:60,0
DA:61,0
DA:65,0
DA:76,0
DA:77,0
DA:82,0
DA:83,0
DA:84,0
DA:85,0
DA:86,0
DA:87,0
DA:88,0
DA:89,0
DA:90,0
DA:92,0
DA:95,0
DA:97,0
DA:100,0
DA:104,0
DA:111,0
DA:137,0
DA:142,0
DA:150,0
DA:158,0
LF:48
LH:0
BRDA:35,0,0,0
BRDA:35,0,1,0
BRDA:51,1,0,0
BRDA:51,1,1,0
BRDA:51,2,0,0
BRDA:51,2,1,0
BRDA:59,3,0,0
BRDA:59,3,1,0
BRDA:59,4,0,0
BRDA:59,4,1,0
BRDA:82,5,0,0
BRDA:82,5,1,0
BRDA:84,6,0,0
BRDA:84,6,1,0
BRDA:86,7,0,0
BRDA:86,7,1,0
BRDA:88,8,0,0
BRDA:88,8,1,0
BRDA:90,9,0,0
BRDA:90,9,1,0
BRF:20
BRH:0
end_of_record
TN:
SF:src/components/EventCard.js
FN:9,EventCard
FN:10,(anonymous_1)
FNF:2
FNH:0
FNDA:0,EventCard
FNDA:0,(anonymous_1)
DA:10,0
DA:11,0
DA:16,0
LF:3
LH:0
BRF:0
BRH:0
end_of_record
TN:
SF:src/components/EventDaySelection.js
FN:8,EventDaySelection
FNF:1
FNH:1
FNDA:7,EventDaySelection
DA:9,7
LF:1
LH:1
BRF:0
BRH:0
end_of_record
TN:
SF:src/components/EventList.js
FN:16,EventList
FN:24,(anonymous_1)
FN:49,(anonymous_2)
FN:56,(anonymous_3)
FNF:4
FNH:0
FNDA:0,EventList
FNDA:0,(anonymous_1)
FNDA:0,(anonymous_2)
FNDA:0,(anonymous_3)
DA:17,0
DA:18,0
DA:19,0
DA:21,0
DA:22,0
DA:23,0
DA:24,0
DA:25,0
DA:27,0
DA:28,0
DA:29,0
DA:32,0
DA:49,0
DA:57,0
DA:58,0
DA:59,0
LF:16
LH:0
BRDA:33,0,0,0
BRDA:33,0,1,0
BRDA:50,1,0,0
BRDA:50,1,1,0
BRF:4
BRH:0
end_of_record
TN:
SF:src/components/Home.js
FN:10,Home
FN:17,handleLogout
FN:60,(anonymous_2)
FN:65,(anonymous_3)
FN:89,(anonymous_4)
FN:90,(anonymous_5)
FNF:6
FNH:0
FNDA:0,Home
FNDA:0,handleLogout
FNDA:0,(anonymous_2)
FNDA:0,(anonymous_3)
FNDA:0,(anonymous_4)
FNDA:0,(anonymous_5)
DA:12,0
DA:13,0
DA:14,0
DA:15,0
DA:16,0
DA:18,0
DA:20,0
DA:21,0
DA:22,0
DA:24,0
DA:25,0
DA:30,0
DA:32,0
DA:43,0
DA:54,0
DA:61,0
DA:62,0
DA:63,0
DA:66,0
DA:67,0
DA:68,0
DA:89,0
DA:90,0
LF:23
LH:0
BRDA:39,0,0,0
BRDA:39,0,1,0
BRDA:40,1,0,0
BRDA:40,1,1,0
BRDA:49,2,0,0
BRDA:49,2,1,0
BRDA:50,3,0,0
BRDA:50,3,1,0
BRDA:95,4,0,0
BRDA:95,4,1,0
BRDA:96,5,0,0
BRDA:96,5,1,0
BRF:12
BRH:0
end_of_record
TN:
SF:src/components/Login.js
FN:6,Login
FN:18,handleSubmit
FNF:2
FNH:0
FNDA:0,Login
FNDA:0,handleSubmit
DA:9,0
DA:10,0
DA:11,0
DA:12,0
DA:15,0
DA:16,0
DA:19,0
DA:20,0
DA:21,0
DA:22,0
DA:23,0
DA:24,0
DA:27,0
DA:28,0
DA:29,0
DA:30,0
DA:31,0
DA:35,0
DA:40,0
LF:19
LH:0
BRDA:28,0,0,0
BRDA:28,0,1,0
BRDA:30,1,0,0
BRDA:30,1,1,0
BRDA:50,2,0,0
BRDA:50,2,1,0
BRF:6
BRH:0
end_of_record
TN:
SF:src/components/PrivateRoute.js
FN:6,PrivateRoute
FNF:1
FNH:0
FNDA:0,PrivateRoute
DA:7,0
DA:9,0
LF:2
LH:0
BRDA:9,0,0,0
BRDA:9,0,1,0
BRF:2
BRH:0
end_of_record
TN:
SF:src/components/ScheduledEvents.js
FN:13,ScheduledEvents
FN:21,(anonymous_1)
FN:28,(anonymous_2)
FN:33,(anonymous_3)
FN:40,(anonymous_4)
FN:46,(anonymous_5)
FN:65,(anonymous_6)
FN:102,(anonymous_7)
FN:120,(anonymous_8)
FN:130,(anonymous_9)
FN:142,(anonymous_10)
FNF:11
FNH:0
FNDA:0,ScheduledEvents
FNDA:0,(anonymous_1)
FNDA:0,(anonymous_2)
FNDA:0,(anonymous_3)
FNDA:0,(anonymous_4)
FNDA:0,(anonymous_5)
FNDA:0,(anonymous_6)
FNDA:0,(anonymous_7)
FNDA:0,(anonymous_8)
FNDA:0,(anonymous_9)
FNDA:0,(anonymous_10)
DA:14,0
DA:15,0
DA:16,0
DA:17,0
DA:18,0
DA:19,0
DA:21,0
DA:22,0
DA:23,0
DA:28,0
DA:29,0
DA:31,0
DA:32,0
DA:33,0
DA:34,0
DA:35,0
DA:36,0
DA:40,0
DA:41,0
DA:42,0
DA:46,0
DA:47,0
DA:48,0
DA:49,0
DA:52,0
DA:55,0
DA:56,0
DA:65,0
DA:66,0
DA:67,0
DA:68,0
DA:69,0
DA:70,0
DA:71,0
DA:72,0
DA:75,0
DA:94,0
DA:102,0
DA:121,0
DA:130,0
DA:142,0
LF:41
LH:0
BRDA:22,0,0,0
BRDA:22,0,1,0
BRDA:55,1,0,0
BRDA:55,1,1,0
BRDA:85,2,0,0
BRDA:85,2,1,0
BRF:6
BRH:0
end_of_record
TN:
SF:src/components/ShowLinkButton.js
FN:5,ShowLinkButton
FN:9,(anonymous_1)
FN:21,(anonymous_2)
FN:25,(anonymous_3)
FN:39,(anonymous_4)
FNF:5
FNH:0
FNDA:0,ShowLinkButton
FNDA:0,(anonymous_1)
FNDA:0,(anonymous_2)
FNDA:0,(anonymous_3)
FNDA:0,(anonymous_4)
DA:6,0
DA:7,0
DA:9,0
DA:10,0
DA:11,0
DA:12,0
DA:13,0
DA:15,0
DA:16,0
DA:21,0
DA:22,0
DA:25,0
DA:26,0
DA:29,0
DA:39,0
LF:15
LH:0
BRDA:10,0,0,0
BRDA:10,0,1,0
BRDA:10,1,0,0
BRDA:10,1,1,0
BRDA:15,2,0,0
BRDA:15,2,1,0
BRDA:40,3,0,0
BRDA:40,3,1,0
BRF:8
BRH:0
end_of_record
TN:
SF:src/components/SignUp.js
FN:6,SignUp
FN:16,handleSubmit
FNF:2
FNH:0
FNDA:0,SignUp
FNDA:0,handleSubmit
DA:8,0
DA:9,0
DA:10,0
DA:11,0
DA:12,0
DA:13,0
DA:14,0
DA:17,0
DA:18,0
DA:19,0
DA:21,0
DA:22,0
DA:23,0
DA:24,0
DA:25,0
DA:27,0
DA:30,0
DA:32,0
DA:33,0
DA:35,0
DA:36,0
DA:37,0
DA:38,0
DA:39,0
DA:41,0
DA:45,0
DA:50,0
LF:27
LH:0
BRDA:18,0,0,0
BRDA:18,0,1,0
BRDA:30,1,0,0
BRDA:30,1,1,0
BRDA:33,2,0,0
BRDA:33,2,1,0
BRDA:36,3,0,0
BRDA:36,3,1,0
BRDA:38,4,0,0
BRDA:38,4,1,0
BRDA:60,5,0,0
BRDA:60,5,1,0
BRF:12
BRH:0
end_of_record
TN:
SF:src/components/ThankYouModal.js
FN:2,ThankYouModal
FNF:1
FNH:1
FNDA:3,ThankYouModal
DA:3,3
DA:5,0
LF:2
LH:1
BRDA:3,0,0,3
BRDA:3,0,1,0
BRF:2
BRH:1
end_of_record
TN:
SF:src/components/Title.js
FN:5,Title
FNF:1
FNH:1
FNDA:3,Title
DA:6,3
LF:1
LH:1
BRF:0
BRH:0
end_of_record
TN:
SF:src/contexts/AuthContext.js
FN:7,useAuth
FN:11,AuthProvider
FN:15,signup
FN:19,login
FN:23,logout
FN:26,(anonymous_5)
FN:27,(anonymous_6)
FNF:7
FNH:0
FNDA:0,useAuth
FNDA:0,AuthProvider
FNDA:0,signup
FNDA:0,login
FNDA:0,logout
FNDA:0,(anonymous_5)
FNDA:0,(anonymous_6)
DA:5,0
DA:8,0
DA:12,0
DA:13,0
DA:14,0
DA:16,0
DA:20,0
DA:24,0
DA:26,0
DA:27,0
DA:28,0
DA:29,0
DA:33,0
DA:36,0
DA:43,0
LF:15
LH:0
BRDA:45,0,0,0
BRDA:45,0,1,0
BRF:2
BRH:0
end_of_record
