TN:
SF:src/App.js
FN:17,App
FNF:1
FNH:0
FNDA:0,App
DA:18,0
LF:1
LH:0
BRF:0
BRH:0
end_of_record
TN:
SF:src/firebase.js
FN:24,(anonymous_0)
FNF:1
FNH:1
FNDA:9,(anonymous_0)
DA:11,9
DA:21,9
DA:24,9
DA:25,9
DA:26,0
DA:30,9
DA:31,9
LF:7
LH:6
BRDA:25,0,0,0
BRDA:25,0,1,9
BRF:2
BRH:1
end_of_record
TN:
SF:src/index.js
FNF:0
FNH:0
DA:8,0
DA:9,0
LF:2
LH:0
BRF:0
BRH:0
end_of_record
TN:
SF:src/components/AvailableTimeSlots.js
FN:8,(anonymous_0)
FN:28,(anonymous_1)
FN:47,(anonymous_2)
FN:49,(anonymous_3)
FN:62,(anonymous_4)
FN:70,(anonymous_5)
FN:98,(anonymous_6)
FNF:7
FNH:3
FNDA:4,(anonymous_0)
FNDA:3,(anonymous_1)
FNDA:1,(anonymous_2)
FNDA:1,(anonymous_3)
FNDA:1,(anonymous_4)
FNDA:1,(anonymous_5)
FNDA:2,(anonymous_6)
DA:8,2
DA:9,4
DA:10,4
DA:11,4
DA:14,4
DA:15,5
DA:16,5
DA:20,5
DA:23,4
DA:28,2
DA:44,3
DA:47,3
DA:49,1
DA:50,1
DA:52,1
DA:58,1
DA:59,1
DA:61,1
DA:62,1
DA:63,1
DA:66,1
DA:69,1
DA:70,1
DA:72,1
DA:74,1
DA:77,1
DA:84,3
DA:85,1
DA:96,2
DA:99,2
DA:117,2
LF:31
LH:27
BRDA:44,0,0,3
BRDA:44,0,1,1
BRDA:84,1,0,1
BRDA:84,1,1,2
BRF:4
BRH:3
end_of_record
TN:
SF:src/components/CancelBooking.js
FN:8,CancelBooking
FN:15,(anonymous_1)
FN:17,(anonymous_2)
FN:20,(anonymous_3)
FNF:4
FNH:4
FNDA:1,CancelBooking
FNDA:1,(anonymous_1)
FNDA:1,(anonymous_2)
FNDA:1,(anonymous_3)
DA:11,1
DA:15,1
DA:17,1
DA:18,1
DA:19,1
DA:20,1
DA:21,1
DA:28,1
DA:33,1
LF:9
LH:9
BRF:0
BRH:0
end_of_record
TN:
SF:src/components/CancelMeetingModal.js
FN:10,(anonymous_0)
FNF:1
FNH:1
FNDA:4,(anonymous_0)
DA:10,1
DA:14,4
LF:2
LH:2
BRF:0
BRH:0
end_of_record
TN:
SF:src/components/ConfirmBookingView.js
FN:22,ConfirmBookingView
FN:36,(anonymous_1)
FN:40,(anonymous_2)
FN:62,(anonymous_3)
FN:65,(anonymous_4)
FN:67,(anonymous_5)
FN:67,(anonymous_6)
FN:71,(anonymous_7)
FN:89,(anonymous_8)
FN:110,(anonymous_9)
FN:113,(anonymous_10)
FN:113,(anonymous_11)
FN:115,(anonymous_12)
FN:128,(anonymous_13)
FN:190,(anonymous_14)
FN:237,(anonymous_15)
FN:249,(anonymous_16)
FN:271,(anonymous_17)
FN:277,(anonymous_18)
FNF:19
FNH:12
FNDA:7,ConfirmBookingView
FNDA:1,(anonymous_1)
FNDA:1,(anonymous_2)
FNDA:1,(anonymous_3)
FNDA:1,(anonymous_4)
FNDA:1,(anonymous_5)
FNDA:1,(anonymous_6)
FNDA:1,(anonymous_7)
FNDA:1,(anonymous_8)
FNDA:1,(anonymous_9)
FNDA:1,(anonymous_10)
FNDA:1,(anonymous_11)
FNDA:1,(anonymous_12)
FNDA:1,(anonymous_13)
FNDA:0,(anonymous_14)
FNDA:0,(anonymous_15)
FNDA:0,(anonymous_16)
FNDA:0,(anonymous_17)
FNDA:0,(anonymous_18)
DA:18,1
DA:23,7
DA:24,7
DA:25,6
DA:26,6
DA:27,6
DA:28,6
DA:29,6
DA:30,6
DA:31,6
DA:32,6
DA:33,6
DA:36,6
DA:37,1
DA:39,6
DA:40,6
DA:41,1
DA:49,6
DA:50,1
DA:57,6
DA:58,1
DA:62,6
DA:63,1
DA:64,1
DA:65,1
DA:67,1
DA:71,6
DA:72,1
DA:73,1
DA:74,1
DA:76,1
DA:77,1
DA:78,1
DA:79,1
DA:81,1
DA:85,1
DA:89,6
DA:90,1
DA:91,1
DA:94,1
DA:95,1
DA:96,1
DA:98,1
DA:99,1
DA:100,1
DA:103,1
DA:104,1
DA:105,1
DA:106,1
DA:109,1
DA:110,1
DA:113,1
DA:115,1
DA:116,1
DA:120,1
DA:121,1
DA:128,6
DA:129,1
DA:130,1
DA:131,1
DA:142,1
DA:144,1
DA:163,1
DA:169,6
DA:190,1
DA:237,1
DA:249,1
DA:271,1
DA:278,1
DA:279,1
LF:70
LH:47
BRDA:40,0,0,6
BRDA:40,0,1,1
BRDA:49,1,0,1
BRDA:49,1,1,6
BRDA:57,2,0,1
BRDA:57,2,1,6
BRDA:64,3,0,1
BRDA:64,3,1,1
BRDA:77,4,0,1
BRDA:77,4,1,1
BRDA:89,5,0,1
BRDA:89,6,0,1
BRDA:94,7,0,1
BRDA:94,7,1,1
BRDA:98,8,0,1
BRDA:98,8,1,1
BRDA:103,9,0,1
BRDA:103,9,1,1
BRDA:105,10,0,1
BRDA:105,10,1,1
BRDA:105,11,0,1
BRDA:105,11,1,1
BRDA:109,12,0,1
BRDA:109,12,1,1
BRDA:154,13,0,1
BRDA:154,13,1,1
BRDA:206,14,0,6
BRDA:206,14,1,1
BRDA:206,15,0,6
BRDA:206,15,1,1
BRDA:223,16,0,6
BRDA:223,16,1,1
BRDA:227,17,0,6
BRDA:227,17,1,1
BRDA:227,17,2,1
BRDA:228,18,0,1
BRDA:228,18,1,1
BRDA:268,19,0,6
BRDA:268,19,1,1
BRDA:287,20,0,6
BRDA:287,20,1,6
BRF:41
BRH:21
end_of_record
TN:
SF:src/components/CreateEventForm.js
FN:10,CreateEventForm
FN:12,(anonymous_1)
FN:29,handleSubmit
FN:33,(anonymous_3)
FN:75,timeToMinutes
FN:90,(anonymous_5)
FN:96,(anonymous_6)
FN:99,(anonymous_7)
FN:136,(anonymous_8)
FN:141,(anonymous_9)
FN:149,(anonymous_10)
FN:158,(anonymous_11)
FNF:12
FNH:8
FNDA:3,CreateEventForm
FNDA:39,(anonymous_1)
FNDA:4,handleSubmit
FNDA:20,(anonymous_3)
FNDA:0,timeToMinutes
FNDA:0,(anonymous_5)
FNDA:0,(anonymous_6)
FNDA:0,(anonymous_7)
FNDA:15,(anonymous_8)
FNDA:195,(anonymous_9)
FNDA:195,(anonymous_10)
FNDA:1,(anonymous_11)
DA:11,3
DA:12,39
DA:13,3
DA:14,3
DA:15,3
DA:17,3
DA:30,4
DA:32,4
DA:33,4
DA:34,20
DA:35,20
DA:36,1
DA:37,1
DA:39,1
DA:45,4
DA:46,4
DA:47,4
DA:48,4
DA:51,4
DA:52,1
DA:53,1
DA:56,3
DA:57,3
DA:59,3
DA:60,0
DA:61,0
DA:65,3
DA:76,0
DA:77,0
DA:82,3
DA:83,3
DA:84,0
DA:85,0
DA:86,0
DA:87,0
DA:88,0
DA:89,0
DA:90,0
DA:92,0
DA:95,0
DA:97,0
DA:100,0
DA:104,0
DA:111,3
DA:137,15
DA:142,195
DA:150,195
DA:158,1
LF:48
LH:32
BRDA:35,0,0,1
BRDA:35,0,1,19
BRDA:51,1,0,1
BRDA:51,1,1,3
BRDA:51,2,0,4
BRDA:51,2,1,3
BRDA:59,3,0,0
BRDA:59,3,1,3
BRDA:59,4,0,3
BRDA:59,4,1,3
BRDA:82,5,0,3
BRDA:82,5,1,0
BRDA:84,6,0,0
BRDA:84,6,1,0
BRDA:86,7,0,0
BRDA:86,7,1,0
BRDA:88,8,0,0
BRDA:88,8,1,0
BRDA:90,9,0,0
BRDA:90,9,1,0
BRF:20
BRH:10
end_of_record
TN:
SF:src/components/EventCard.js
FN:11,EventCard
FN:14,(anonymous_1)
FNF:2
FNH:1
FNDA:1,EventCard
FNDA:0,(anonymous_1)
DA:14,1
DA:15,0
DA:19,1
LF:3
LH:2
BRF:0
BRH:0
end_of_record
TN:
SF:src/components/EventDaySelection.js
FN:8,EventDaySelection
FNF:1
FNH:1
FNDA:9,EventDaySelection
DA:9,9
LF:1
LH:1
BRF:0
BRH:0
end_of_record
TN:
SF:src/components/EventList.js
FN:16,EventList
FN:24,(anonymous_1)
FN:49,(anonymous_2)
FN:56,(anonymous_3)
FNF:4
FNH:3
FNDA:2,EventList
FNDA:0,(anonymous_1)
FNDA:1,(anonymous_2)
FNDA:1,(anonymous_3)
DA:17,2
DA:18,2
DA:19,2
DA:21,2
DA:22,2
DA:23,2
DA:24,1
DA:25,0
DA:28,1
DA:32,1
DA:49,1
DA:57,1
DA:59,1
LF:13
LH:12
BRDA:33,0,0,1
BRDA:33,0,1,0
BRDA:50,1,0,1
BRDA:50,1,1,0
BRF:4
BRH:2
end_of_record
TN:
SF:src/components/Home.js
FN:14,Home
FN:27,handleLogout
FN:41,(anonymous_2)
FN:60,(anonymous_3)
FN:63,(anonymous_4)
FN:71,(anonymous_5)
FN:77,(anonymous_6)
FN:118,(anonymous_7)
FN:123,(anonymous_8)
FN:145,(anonymous_9)
FN:146,(anonymous_10)
FN:156,(anonymous_11)
FN:171,(anonymous_12)
FN:172,(anonymous_13)
FN:179,(anonymous_14)
FN:210,(anonymous_15)
FN:214,(anonymous_16)
FN:218,(anonymous_17)
FN:222,(anonymous_18)
FNF:19
FNH:13
FNDA:6,Home
FNDA:1,handleLogout
FNDA:1,(anonymous_2)
FNDA:1,(anonymous_3)
FNDA:1,(anonymous_4)
FNDA:1,(anonymous_5)
FNDA:1,(anonymous_6)
FNDA:1,(anonymous_7)
FNDA:1,(anonymous_8)
FNDA:1,(anonymous_9)
FNDA:0,(anonymous_10)
FNDA:1,(anonymous_11)
FNDA:1,(anonymous_12)
FNDA:0,(anonymous_13)
FNDA:1,(anonymous_14)
FNDA:0,(anonymous_15)
FNDA:1,(anonymous_16)
FNDA:0,(anonymous_17)
FNDA:1,(anonymous_18)
DA:16,6
DA:17,6
DA:18,6
DA:19,6
DA:20,6
DA:21,6
DA:22,6
DA:23,6
DA:24,6
DA:25,6
DA:28,1
DA:30,1
DA:31,1
DA:32,1
DA:34,1
DA:35,1
DA:41,6
DA:42,1
DA:44,1
DA:45,1
DA:46,1
DA:49,1
DA:50,1
DA:51,1
DA:53,1
DA:54,1
DA:56,1
DA:57,1
DA:59,1
DA:62,1
DA:65,1
DA:66,1
DA:67,1
DA:68,1
DA:69,1
DA:73,1
DA:74,1
DA:79,1
DA:80,1
DA:88,6
DA:91,6
DA:102,6
DA:113,6
DA:119,1
DA:120,1
DA:121,1
DA:124,1
DA:125,1
DA:126,1
DA:145,1
DA:146,1
DA:156,1
DA:171,1
DA:172,1
DA:179,1
DA:210,1
DA:214,1
DA:218,1
DA:222,1
LF:59
LH:41
BRDA:44,0,0,0
BRDA:44,0,1,0
BRDA:49,1,0,0
BRDA:49,1,1,0
BRDA:56,2,0,0
BRDA:56,2,1,0
BRDA:98,3,0,5
BRDA:98,3,1,1
BRDA:99,4,0,5
BRDA:99,4,1,1
BRDA:108,5,0,1
BRDA:108,5,1,5
BRDA:109,6,0,1
BRDA:109,6,1,5
BRDA:153,7,0,6
BRDA:153,7,1,1
BRDA:154,8,0,6
BRDA:154,8,1,5
BRF:18
BRH:12
end_of_record
TN:
SF:src/components/Login.js
FN:9,Login
FN:26,handleSubmit
FNF:2
FNH:2
FNDA:4,Login
FNDA:1,handleSubmit
DA:12,4
DA:13,4
DA:16,4
DA:19,4
DA:22,4
DA:23,4
DA:27,1
DA:28,1
DA:30,1
DA:31,1
DA:34,1
DA:37,0
DA:40,1
DA:41,1
DA:42,1
DA:43,0
DA:44,0
DA:48,1
DA:52,4
LF:19
LH:16
BRDA:41,0,0,1
BRDA:41,0,1,0
BRDA:43,1,0,0
BRDA:43,1,1,0
BRDA:61,2,0,4
BRDA:61,2,1,1
BRF:6
BRH:3
end_of_record
TN:
SF:src/components/PrivateRoute.js
FN:7,PrivateRoute
FNF:1
FNH:0
FNDA:0,PrivateRoute
DA:10,0
DA:13,0
LF:2
LH:0
BRDA:13,0,0,0
BRDA:13,0,1,0
BRF:2
BRH:0
end_of_record
TN:
SF:src/components/RescheduleBooking.js
FN:7,RescheduleBooking
FN:11,(anonymous_1)
FN:13,(anonymous_2)
FN:17,(anonymous_3)
FNF:4
FNH:4
FNDA:1,RescheduleBooking
FNDA:1,(anonymous_1)
FNDA:1,(anonymous_2)
FNDA:2,(anonymous_3)
DA:8,1
DA:9,1
DA:11,1
DA:13,1
DA:14,1
DA:15,1
DA:17,2
DA:18,1
DA:21,1
DA:24,1
LF:10
LH:10
BRF:0
BRH:0
end_of_record
TN:
SF:src/components/RescheduleMeetingModal.js
FN:7,(anonymous_0)
FNF:1
FNH:1
FNDA:4,(anonymous_0)
DA:7,1
DA:9,4
LF:2
LH:2
BRF:0
BRH:0
end_of_record
TN:
SF:src/components/ScheduledEvents.js
FN:15,ScheduledEvents
FN:26,(anonymous_1)
FN:33,(anonymous_2)
FN:47,(anonymous_3)
FN:53,(anonymous_4)
FN:59,(anonymous_5)
FN:87,(anonymous_6)
FN:112,(anonymous_7)
FN:149,(anonymous_8)
FN:161,(anonymous_9)
FN:187,(anonymous_10)
FN:198,(anonymous_11)
FN:205,(anonymous_12)
FN:217,(anonymous_13)
FN:222,(anonymous_14)
FNF:15
FNH:13
FNDA:4,ScheduledEvents
FNDA:4,(anonymous_1)
FNDA:4,(anonymous_2)
FNDA:22,(anonymous_3)
FNDA:22,(anonymous_4)
FNDA:22,(anonymous_5)
FNDA:0,(anonymous_6)
FNDA:0,(anonymous_7)
FNDA:0,(anonymous_8)
FNDA:0,(anonymous_9)
FNDA:0,(anonymous_10)
FNDA:0,(anonymous_11)
FNDA:0,(anonymous_12)
FNDA:4,(anonymous_13)
FNDA:4,(anonymous_14)
DA:16,4
DA:17,4
DA:18,4
DA:19,4
DA:20,4
DA:21,4
DA:22,4
DA:23,4
DA:24,4
DA:26,4
DA:27,4
DA:28,4
DA:33,4
DA:34,4
DA:35,4
DA:37,4
DA:45,4
DA:46,22
DA:47,4
DA:48,4
DA:49,4
DA:50,4
DA:53,4
DA:54,4   
DA:55,4  
DA:59,4   
DA:60,0
DA:61,0
DA:64,0
DA:65,0
DA:69,0
DA:70,0
DA:71,0
DA:74,0
DA:78,4
DA:79,4
DA:87,4
DA:88,0
DA:89,0
DA:90,0
DA:91,0
DA:92,0
DA:93,0
DA:95,0
DA:112,4
DA:113,0
DA:114,0
DA:115,0
DA:116,0
DA:117,0
DA:118,0
DA:120,0
DA:139,4
DA:150,0
DA:151,0
DA:152,0
DA:154,0
DA:162,0
DA:163,0
DA:164,0
DA:166,0
DA:188,0
DA:198,0
DA:205,0
DA:217,0
DA:222,0
LF:66
LH:53
BRDA:27,0,0,4
BRDA:27,0,1,0
BRDA:27,1,0,4
BRDA:27,1,1,4
BRDA:64,2,0,22
BRDA:64,2,1,22
BRDA:64,3,0,22
BRDA:64,3,1,22
BRDA:64,3,2,22
BRDA:78,4,0,22
BRDA:78,4,1,26
BRDA:106,5,0,22
BRDA:106,5,1,22
BRDA:131,6,0,22
BRDA:131,6,1,22
BRDA:150,7,0,22
BRDA:150,7,1,22
BRDA:150,8,0,22
BRDA:150,8,1,22
BRDA:162,9,0,22
BRDA:162,9,1,22
BRF:21
BRH:19
end_of_record
TN:
SF:src/components/ShowLinkButton.js
FN:5,ShowLinkButton
FN:9,(anonymous_1)
FN:23,(anonymous_2)
FN:28,(anonymous_3)
FN:48,(anonymous_4)
FNF:5
FNH:4
FNDA:7,ShowLinkButton
FNDA:7,(anonymous_1)
FNDA:0,(anonymous_2)
FNDA:1,(anonymous_3)
FNDA:2,(anonymous_4)
DA:6,7
DA:7,7
DA:9,7
DA:10,7
DA:12,2
DA:13,2
DA:14,2
DA:16,2
DA:17,0
DA:23,7
DA:24,0
DA:28,7
DA:29,1
DA:33,7
DA:48,2
LF:15
LH:13
BRDA:10,0,0,2
BRDA:10,0,1,5
BRDA:10,1,0,7
BRDA:10,1,1,2
BRDA:16,2,0,0
BRDA:16,2,1,2
BRDA:53,3,0,7
BRDA:53,3,1,2
BRF:8
BRH:7
end_of_record
TN:
SF:src/components/SignUp.js
FN:9,SignUp
FN:19,handleSubmit
FNF:2
FNH:2
FNDA:3,SignUp
FNDA:1,handleSubmit
DA:10,3
DA:11,3
DA:12,3
DA:13,3
DA:14,3
DA:15,3
DA:16,3
DA:20,1
DA:21,1
DA:22,1
DA:24,0
DA:25,0
DA:26,0
DA:27,0
DA:28,0
DA:30,0
DA:32,0
DA:33,0
DA:35,0
DA:36,0
DA:37,0
DA:38,0
DA:39,0
DA:41,0
DA:44,0
DA:48,3
LF:26
LH:11
BRDA:21,0,0,1
BRDA:21,0,1,0
BRDA:30,1,0,0
BRDA:30,1,1,0
BRDA:33,2,0,0
BRDA:33,2,1,0
BRDA:36,3,0,0
BRDA:36,3,1,0
BRDA:38,4,0,0
BRDA:38,4,1,0
BRDA:56,5,0,3
BRDA:56,5,1,1
BRF:12
BRH:3
end_of_record
TN:
SF:src/components/ThankYouModal.js
FN:2,ThankYouModal
FNF:1
FNH:1
FNDA:9,ThankYouModal
DA:4,9
DA:7,2
LF:2
LH:2
BRDA:4,0,0,7
BRDA:4,0,1,2
BRF:2
BRH:2
end_of_record
TN:
SF:src/components/Title.js
FN:5,Title
FNF:1
FNH:1
FNDA:24,Title
DA:6,24
LF:1
LH:1
BRF:0
BRH:0
end_of_record
TN:
SF:src/contexts/AuthContext.js
FN:9,useAuth
FN:13,AuthProvider
FN:18,signup
FN:23,login
FN:28,logout
FN:33,(anonymous_5)
FN:34,(anonymous_6)
FNF:7
FNH:1
FNDA:6,useAuth
FNDA:0,AuthProvider
FNDA:0,signup
FNDA:0,login
FNDA:0,logout
FNDA:0,(anonymous_5)
FNDA:0,(anonymous_6)
DA:6,4
DA:10,6
DA:14,0
DA:15,0
DA:19,0
DA:24,0
DA:29,0
DA:33,0
DA:34,0
DA:35,0
DA:36,0
DA:39,0
DA:42,0
DA:50,0
LF:14
LH:2
BRDA:52,0,0,0
BRDA:52,0,1,0
BRF:2
BRH:0
end_of_record